2020-03-10 12:35:12,322 INFO org.apache.hadoop.hdfs.server.namenode.NameNode: STARTUP_MSG: 
/************************************************************
STARTUP_MSG: Starting NameNode
STARTUP_MSG:   host = master/192.168.2.1
STARTUP_MSG:   args = []
STARTUP_MSG:   version = 2.7.7
STARTUP_MSG:   classpath = /home/don/hadoop-2.7.7/etc/hadoop:/home/don/hadoop-2.7.7/share/hadoop/common/lib/zookeeper-3.4.6.jar:/home/don/hadoop-2.7.7/share/hadoop/common/lib/jaxb-api-2.2.2.jar:/home/don/hadoop-2.7.7/share/hadoop/common/lib/jersey-server-1.9.jar:/home/don/hadoop-2.7.7/share/hadoop/common/lib/netty-3.6.2.Final.jar:/home/don/hadoop-2.7.7/share/hadoop/common/lib/jetty-sslengine-6.1.26.jar:/home/don/hadoop-2.7.7/share/hadoop/common/lib/asm-3.2.jar:/home/don/hadoop-2.7.7/share/hadoop/common/lib/commons-digester-1.8.jar:/home/don/hadoop-2.7.7/share/hadoop/common/lib/junit-4.11.jar:/home/don/hadoop-2.7.7/share/hadoop/common/lib/guava-11.0.2.jar:/home/don/hadoop-2.7.7/share/hadoop/common/lib/jaxb-impl-2.2.3-1.jar:/home/don/hadoop-2.7.7/share/hadoop/common/lib/jackson-core-asl-1.9.13.jar:/home/don/hadoop-2.7.7/share/hadoop/common/lib/hamcrest-core-1.3.jar:/home/don/hadoop-2.7.7/share/hadoop/common/lib/jsr305-3.0.0.jar:/home/don/hadoop-2.7.7/share/hadoop/common/lib/jackson-xc-1.9.13.jar:/home/don/hadoop-2.7.7/share/hadoop/common/lib/apacheds-i18n-2.0.0-M15.jar:/home/don/hadoop-2.7.7/share/hadoop/common/lib/commons-cli-1.2.jar:/home/don/hadoop-2.7.7/share/hadoop/common/lib/jets3t-0.9.0.jar:/home/don/hadoop-2.7.7/share/hadoop/common/lib/xmlenc-0.52.jar:/home/don/hadoop-2.7.7/share/hadoop/common/lib/slf4j-api-1.7.10.jar:/home/don/hadoop-2.7.7/share/hadoop/common/lib/snappy-java-1.0.4.1.jar:/home/don/hadoop-2.7.7/share/hadoop/common/lib/protobuf-java-2.5.0.jar:/home/don/hadoop-2.7.7/share/hadoop/common/lib/httpclient-4.2.5.jar:/home/don/hadoop-2.7.7/share/hadoop/common/lib/jetty-6.1.26.jar:/home/don/hadoop-2.7.7/share/hadoop/common/lib/curator-framework-2.7.1.jar:/home/don/hadoop-2.7.7/share/hadoop/common/lib/commons-io-2.4.jar:/home/don/hadoop-2.7.7/share/hadoop/common/lib/paranamer-2.3.jar:/home/don/hadoop-2.7.7/share/hadoop/common/lib/commons-compress-1.4.1.jar:/home/don/hadoop-2.7.7/share/hadoop/common/lib/jsp-api-2.1.jar:/home/don/hadoop-2.7.7/share/hadoop/common/lib/htrace-core-3.1.0-incubating.jar:/home/don/hadoop-2.7.7/share/hadoop/common/lib/jackson-mapper-asl-1.9.13.jar:/home/don/hadoop-2.7.7/share/hadoop/common/lib/commons-lang-2.6.jar:/home/don/hadoop-2.7.7/share/hadoop/common/lib/commons-beanutils-1.7.0.jar:/home/don/hadoop-2.7.7/share/hadoop/common/lib/mockito-all-1.8.5.jar:/home/don/hadoop-2.7.7/share/hadoop/common/lib/commons-net-3.1.jar:/home/don/hadoop-2.7.7/share/hadoop/common/lib/jettison-1.1.jar:/home/don/hadoop-2.7.7/share/hadoop/common/lib/curator-recipes-2.7.1.jar:/home/don/hadoop-2.7.7/share/hadoop/common/lib/xz-1.0.jar:/home/don/hadoop-2.7.7/share/hadoop/common/lib/jersey-core-1.9.jar:/home/don/hadoop-2.7.7/share/hadoop/common/lib/servlet-api-2.5.jar:/home/don/hadoop-2.7.7/share/hadoop/common/lib/stax-api-1.0-2.jar:/home/don/hadoop-2.7.7/share/hadoop/common/lib/hadoop-auth-2.7.7.jar:/home/don/hadoop-2.7.7/share/hadoop/common/lib/jsch-0.1.54.jar:/home/don/hadoop-2.7.7/share/hadoop/common/lib/activation-1.1.jar:/home/don/hadoop-2.7.7/share/hadoop/common/lib/apacheds-kerberos-codec-2.0.0-M15.jar:/home/don/hadoop-2.7.7/share/hadoop/common/lib/httpcore-4.2.5.jar:/home/don/hadoop-2.7.7/share/hadoop/common/lib/avro-1.7.4.jar:/home/don/hadoop-2.7.7/share/hadoop/common/lib/java-xmlbuilder-0.4.jar:/home/don/hadoop-2.7.7/share/hadoop/common/lib/gson-2.2.4.jar:/home/don/hadoop-2.7.7/share/hadoop/common/lib/commons-beanutils-core-1.8.0.jar:/home/don/hadoop-2.7.7/share/hadoop/common/lib/commons-collections-3.2.2.jar:/home/don/hadoop-2.7.7/share/hadoop/common/lib/commons-math3-3.1.1.jar:/home/don/hadoop-2.7.7/share/hadoop/common/lib/curator-client-2.7.1.jar:/home/don/hadoop-2.7.7/share/hadoop/common/lib/jetty-util-6.1.26.jar:/home/don/hadoop-2.7.7/share/hadoop/common/lib/api-util-1.0.0-M20.jar:/home/don/hadoop-2.7.7/share/hadoop/common/lib/log4j-1.2.17.jar:/home/don/hadoop-2.7.7/share/hadoop/common/lib/commons-logging-1.1.3.jar:/home/don/hadoop-2.7.7/share/hadoop/common/lib/hadoop-annotations-2.7.7.jar:/home/don/hadoop-2.7.7/share/hadoop/common/lib/commons-codec-1.4.jar:/home/don/hadoop-2.7.7/share/hadoop/common/lib/commons-httpclient-3.1.jar:/home/don/hadoop-2.7.7/share/hadoop/common/lib/api-asn1-api-1.0.0-M20.jar:/home/don/hadoop-2.7.7/share/hadoop/common/lib/jackson-jaxrs-1.9.13.jar:/home/don/hadoop-2.7.7/share/hadoop/common/lib/slf4j-log4j12-1.7.10.jar:/home/don/hadoop-2.7.7/share/hadoop/common/lib/commons-configuration-1.6.jar:/home/don/hadoop-2.7.7/share/hadoop/common/lib/jersey-json-1.9.jar:/home/don/hadoop-2.7.7/share/hadoop/common/hadoop-common-2.7.7.jar:/home/don/hadoop-2.7.7/share/hadoop/common/hadoop-common-2.7.7-tests.jar:/home/don/hadoop-2.7.7/share/hadoop/common/hadoop-nfs-2.7.7.jar:/home/don/hadoop-2.7.7/share/hadoop/hdfs:/home/don/hadoop-2.7.7/share/hadoop/hdfs/lib/jersey-server-1.9.jar:/home/don/hadoop-2.7.7/share/hadoop/hdfs/lib/netty-3.6.2.Final.jar:/home/don/hadoop-2.7.7/share/hadoop/hdfs/lib/asm-3.2.jar:/home/don/hadoop-2.7.7/share/hadoop/hdfs/lib/commons-daemon-1.0.13.jar:/home/don/hadoop-2.7.7/share/hadoop/hdfs/lib/guava-11.0.2.jar:/home/don/hadoop-2.7.7/share/hadoop/hdfs/lib/jackson-core-asl-1.9.13.jar:/home/don/hadoop-2.7.7/share/hadoop/hdfs/lib/jsr305-3.0.0.jar:/home/don/hadoop-2.7.7/share/hadoop/hdfs/lib/commons-cli-1.2.jar:/home/don/hadoop-2.7.7/share/hadoop/hdfs/lib/xmlenc-0.52.jar:/home/don/hadoop-2.7.7/share/hadoop/hdfs/lib/xercesImpl-2.9.1.jar:/home/don/hadoop-2.7.7/share/hadoop/hdfs/lib/netty-all-4.0.23.Final.jar:/home/don/hadoop-2.7.7/share/hadoop/hdfs/lib/protobuf-java-2.5.0.jar:/home/don/hadoop-2.7.7/share/hadoop/hdfs/lib/jetty-6.1.26.jar:/home/don/hadoop-2.7.7/share/hadoop/hdfs/lib/commons-io-2.4.jar:/home/don/hadoop-2.7.7/share/hadoop/hdfs/lib/htrace-core-3.1.0-incubating.jar:/home/don/hadoop-2.7.7/share/hadoop/hdfs/lib/jackson-mapper-asl-1.9.13.jar:/home/don/hadoop-2.7.7/share/hadoop/hdfs/lib/commons-lang-2.6.jar:/home/don/hadoop-2.7.7/share/hadoop/hdfs/lib/leveldbjni-all-1.8.jar:/home/don/hadoop-2.7.7/share/hadoop/hdfs/lib/jersey-core-1.9.jar:/home/don/hadoop-2.7.7/share/hadoop/hdfs/lib/xml-apis-1.3.04.jar:/home/don/hadoop-2.7.7/share/hadoop/hdfs/lib/servlet-api-2.5.jar:/home/don/hadoop-2.7.7/share/hadoop/hdfs/lib/jetty-util-6.1.26.jar:/home/don/hadoop-2.7.7/share/hadoop/hdfs/lib/log4j-1.2.17.jar:/home/don/hadoop-2.7.7/share/hadoop/hdfs/lib/commons-logging-1.1.3.jar:/home/don/hadoop-2.7.7/share/hadoop/hdfs/lib/commons-codec-1.4.jar:/home/don/hadoop-2.7.7/share/hadoop/hdfs/hadoop-hdfs-nfs-2.7.7.jar:/home/don/hadoop-2.7.7/share/hadoop/hdfs/hadoop-hdfs-2.7.7.jar:/home/don/hadoop-2.7.7/share/hadoop/hdfs/hadoop-hdfs-2.7.7-tests.jar:/home/don/hadoop-2.7.7/share/hadoop/yarn/lib/zookeeper-3.4.6.jar:/home/don/hadoop-2.7.7/share/hadoop/yarn/lib/jaxb-api-2.2.2.jar:/home/don/hadoop-2.7.7/share/hadoop/yarn/lib/jersey-server-1.9.jar:/home/don/hadoop-2.7.7/share/hadoop/yarn/lib/javax.inject-1.jar:/home/don/hadoop-2.7.7/share/hadoop/yarn/lib/netty-3.6.2.Final.jar:/home/don/hadoop-2.7.7/share/hadoop/yarn/lib/asm-3.2.jar:/home/don/hadoop-2.7.7/share/hadoop/yarn/lib/guava-11.0.2.jar:/home/don/hadoop-2.7.7/share/hadoop/yarn/lib/jersey-client-1.9.jar:/home/don/hadoop-2.7.7/share/hadoop/yarn/lib/jaxb-impl-2.2.3-1.jar:/home/don/hadoop-2.7.7/share/hadoop/yarn/lib/jackson-core-asl-1.9.13.jar:/home/don/hadoop-2.7.7/share/hadoop/yarn/lib/jsr305-3.0.0.jar:/home/don/hadoop-2.7.7/share/hadoop/yarn/lib/jackson-xc-1.9.13.jar:/home/don/hadoop-2.7.7/share/hadoop/yarn/lib/commons-cli-1.2.jar:/home/don/hadoop-2.7.7/share/hadoop/yarn/lib/protobuf-java-2.5.0.jar:/home/don/hadoop-2.7.7/share/hadoop/yarn/lib/jetty-6.1.26.jar:/home/don/hadoop-2.7.7/share/hadoop/yarn/lib/commons-io-2.4.jar:/home/don/hadoop-2.7.7/share/hadoop/yarn/lib/commons-compress-1.4.1.jar:/home/don/hadoop-2.7.7/share/hadoop/yarn/lib/jackson-mapper-asl-1.9.13.jar:/home/don/hadoop-2.7.7/share/hadoop/yarn/lib/commons-lang-2.6.jar:/home/don/hadoop-2.7.7/share/hadoop/yarn/lib/aopalliance-1.0.jar:/home/don/hadoop-2.7.7/share/hadoop/yarn/lib/jersey-guice-1.9.jar:/home/don/hadoop-2.7.7/share/hadoop/yarn/lib/zookeeper-3.4.6-tests.jar:/home/don/hadoop-2.7.7/share/hadoop/yarn/lib/jettison-1.1.jar:/home/don/hadoop-2.7.7/share/hadoop/yarn/lib/leveldbjni-all-1.8.jar:/home/don/hadoop-2.7.7/share/hadoop/yarn/lib/xz-1.0.jar:/home/don/hadoop-2.7.7/share/hadoop/yarn/lib/jersey-core-1.9.jar:/home/don/hadoop-2.7.7/share/hadoop/yarn/lib/servlet-api-2.5.jar:/home/don/hadoop-2.7.7/share/hadoop/yarn/lib/stax-api-1.0-2.jar:/home/don/hadoop-2.7.7/share/hadoop/yarn/lib/activation-1.1.jar:/home/don/hadoop-2.7.7/share/hadoop/yarn/lib/commons-collections-3.2.2.jar:/home/don/hadoop-2.7.7/share/hadoop/yarn/lib/jetty-util-6.1.26.jar:/home/don/hadoop-2.7.7/share/hadoop/yarn/lib/log4j-1.2.17.jar:/home/don/hadoop-2.7.7/share/hadoop/yarn/lib/commons-logging-1.1.3.jar:/home/don/hadoop-2.7.7/share/hadoop/yarn/lib/guice-3.0.jar:/home/don/hadoop-2.7.7/share/hadoop/yarn/lib/commons-codec-1.4.jar:/home/don/hadoop-2.7.7/share/hadoop/yarn/lib/jackson-jaxrs-1.9.13.jar:/home/don/hadoop-2.7.7/share/hadoop/yarn/lib/jersey-json-1.9.jar:/home/don/hadoop-2.7.7/share/hadoop/yarn/lib/guice-servlet-3.0.jar:/home/don/hadoop-2.7.7/share/hadoop/yarn/hadoop-yarn-applications-unmanaged-am-launcher-2.7.7.jar:/home/don/hadoop-2.7.7/share/hadoop/yarn/hadoop-yarn-server-tests-2.7.7.jar:/home/don/hadoop-2.7.7/share/hadoop/yarn/hadoop-yarn-client-2.7.7.jar:/home/don/hadoop-2.7.7/share/hadoop/yarn/hadoop-yarn-applications-distributedshell-2.7.7.jar:/home/don/hadoop-2.7.7/share/hadoop/yarn/hadoop-yarn-registry-2.7.7.jar:/home/don/hadoop-2.7.7/share/hadoop/yarn/hadoop-yarn-server-web-proxy-2.7.7.jar:/home/don/hadoop-2.7.7/share/hadoop/yarn/hadoop-yarn-server-nodemanager-2.7.7.jar:/home/don/hadoop-2.7.7/share/hadoop/yarn/hadoop-yarn-api-2.7.7.jar:/home/don/hadoop-2.7.7/share/hadoop/yarn/hadoop-yarn-server-common-2.7.7.jar:/home/don/hadoop-2.7.7/share/hadoop/yarn/hadoop-yarn-server-resourcemanager-2.7.7.jar:/home/don/hadoop-2.7.7/share/hadoop/yarn/hadoop-yarn-server-applicationhistoryservice-2.7.7.jar:/home/don/hadoop-2.7.7/share/hadoop/yarn/hadoop-yarn-common-2.7.7.jar:/home/don/hadoop-2.7.7/share/hadoop/yarn/hadoop-yarn-server-sharedcachemanager-2.7.7.jar:/home/don/hadoop-2.7.7/share/hadoop/mapreduce/lib/jersey-server-1.9.jar:/home/don/hadoop-2.7.7/share/hadoop/mapreduce/lib/javax.inject-1.jar:/home/don/hadoop-2.7.7/share/hadoop/mapreduce/lib/netty-3.6.2.Final.jar:/home/don/hadoop-2.7.7/share/hadoop/mapreduce/lib/asm-3.2.jar:/home/don/hadoop-2.7.7/share/hadoop/mapreduce/lib/junit-4.11.jar:/home/don/hadoop-2.7.7/share/hadoop/mapreduce/lib/jackson-core-asl-1.9.13.jar:/home/don/hadoop-2.7.7/share/hadoop/mapreduce/lib/hamcrest-core-1.3.jar:/home/don/hadoop-2.7.7/share/hadoop/mapreduce/lib/snappy-java-1.0.4.1.jar:/home/don/hadoop-2.7.7/share/hadoop/mapreduce/lib/protobuf-java-2.5.0.jar:/home/don/hadoop-2.7.7/share/hadoop/mapreduce/lib/commons-io-2.4.jar:/home/don/hadoop-2.7.7/share/hadoop/mapreduce/lib/paranamer-2.3.jar:/home/don/hadoop-2.7.7/share/hadoop/mapreduce/lib/commons-compress-1.4.1.jar:/home/don/hadoop-2.7.7/share/hadoop/mapreduce/lib/jackson-mapper-asl-1.9.13.jar:/home/don/hadoop-2.7.7/share/hadoop/mapreduce/lib/aopalliance-1.0.jar:/home/don/hadoop-2.7.7/share/hadoop/mapreduce/lib/jersey-guice-1.9.jar:/home/don/hadoop-2.7.7/share/hadoop/mapreduce/lib/leveldbjni-all-1.8.jar:/home/don/hadoop-2.7.7/share/hadoop/mapreduce/lib/xz-1.0.jar:/home/don/hadoop-2.7.7/share/hadoop/mapreduce/lib/jersey-core-1.9.jar:/home/don/hadoop-2.7.7/share/hadoop/mapreduce/lib/avro-1.7.4.jar:/home/don/hadoop-2.7.7/share/hadoop/mapreduce/lib/log4j-1.2.17.jar:/home/don/hadoop-2.7.7/share/hadoop/mapreduce/lib/guice-3.0.jar:/home/don/hadoop-2.7.7/share/hadoop/mapreduce/lib/hadoop-annotations-2.7.7.jar:/home/don/hadoop-2.7.7/share/hadoop/mapreduce/lib/guice-servlet-3.0.jar:/home/don/hadoop-2.7.7/share/hadoop/mapreduce/hadoop-mapreduce-client-shuffle-2.7.7.jar:/home/don/hadoop-2.7.7/share/hadoop/mapreduce/hadoop-mapreduce-client-jobclient-2.7.7.jar:/home/don/hadoop-2.7.7/share/hadoop/mapreduce/hadoop-mapreduce-client-core-2.7.7.jar:/home/don/hadoop-2.7.7/share/hadoop/mapreduce/hadoop-mapreduce-client-app-2.7.7.jar:/home/don/hadoop-2.7.7/share/hadoop/mapreduce/hadoop-mapreduce-client-hs-2.7.7.jar:/home/don/hadoop-2.7.7/share/hadoop/mapreduce/hadoop-mapreduce-client-jobclient-2.7.7-tests.jar:/home/don/hadoop-2.7.7/share/hadoop/mapreduce/hadoop-mapreduce-examples-2.7.7.jar:/home/don/hadoop-2.7.7/share/hadoop/mapreduce/hadoop-mapreduce-client-common-2.7.7.jar:/home/don/hadoop-2.7.7/share/hadoop/mapreduce/hadoop-mapreduce-client-hs-plugins-2.7.7.jar:/contrib/capacity-scheduler/*.jar:/contrib/capacity-scheduler/*.jar:/contrib/capacity-scheduler/*.jar
STARTUP_MSG:   build = Unknown -r c1aad84bd27cd79c3d1a7dd58202a8c3ee1ed3ac; compiled by 'stevel' on 2018-07-18T22:47Z
STARTUP_MSG:   java = 1.8.0_242
************************************************************/
2020-03-10 12:35:12,369 INFO org.apache.hadoop.hdfs.server.namenode.NameNode: registered UNIX signal handlers for [TERM, HUP, INT]
2020-03-10 12:35:12,382 INFO org.apache.hadoop.hdfs.server.namenode.NameNode: createNameNode []
2020-03-10 12:35:13,573 INFO org.apache.hadoop.metrics2.impl.MetricsConfig: loaded properties from hadoop-metrics2.properties
2020-03-10 12:35:14,184 INFO org.apache.hadoop.metrics2.impl.MetricsSystemImpl: Scheduled snapshot period at 10 second(s).
2020-03-10 12:35:14,184 INFO org.apache.hadoop.metrics2.impl.MetricsSystemImpl: NameNode metrics system started
2020-03-10 12:35:14,190 INFO org.apache.hadoop.hdfs.server.namenode.NameNode: fs.defaultFS is hdfs://master:9000
2020-03-10 12:35:14,195 INFO org.apache.hadoop.hdfs.server.namenode.NameNode: Clients are to use master:9000 to access this namenode/service.
2020-03-10 12:35:14,469 WARN org.apache.hadoop.util.NativeCodeLoader: Unable to load native-hadoop library for your platform... using builtin-java classes where applicable
2020-03-10 12:35:15,066 INFO org.apache.hadoop.hdfs.DFSUtil: Starting Web-server for hdfs at: http://0.0.0.0:50070
2020-03-10 12:35:15,311 INFO org.mortbay.log: Logging to org.slf4j.impl.Log4jLoggerAdapter(org.mortbay.log) via org.mortbay.log.Slf4jLog
2020-03-10 12:35:15,355 INFO org.apache.hadoop.security.authentication.server.AuthenticationFilter: Unable to initialize FileSignerSecretProvider, falling back to use random secrets.
2020-03-10 12:35:15,455 INFO org.apache.hadoop.http.HttpRequestLog: Http request log for http.requests.namenode is not defined
2020-03-10 12:35:15,469 INFO org.apache.hadoop.http.HttpServer2: Added global filter 'safety' (class=org.apache.hadoop.http.HttpServer2$QuotingInputFilter)
2020-03-10 12:35:15,483 INFO org.apache.hadoop.http.HttpServer2: Added filter static_user_filter (class=org.apache.hadoop.http.lib.StaticUserWebFilter$StaticUserFilter) to context hdfs
2020-03-10 12:35:15,483 INFO org.apache.hadoop.http.HttpServer2: Added filter static_user_filter (class=org.apache.hadoop.http.lib.StaticUserWebFilter$StaticUserFilter) to context logs
2020-03-10 12:35:15,484 INFO org.apache.hadoop.http.HttpServer2: Added filter static_user_filter (class=org.apache.hadoop.http.lib.StaticUserWebFilter$StaticUserFilter) to context static
2020-03-10 12:35:16,017 INFO org.apache.hadoop.http.HttpServer2: Added filter 'org.apache.hadoop.hdfs.web.AuthFilter' (class=org.apache.hadoop.hdfs.web.AuthFilter)
2020-03-10 12:35:16,019 INFO org.apache.hadoop.http.HttpServer2: addJerseyResourcePackage: packageName=org.apache.hadoop.hdfs.server.namenode.web.resources;org.apache.hadoop.hdfs.web.resources, pathSpec=/webhdfs/v1/*
2020-03-10 12:35:16,102 INFO org.apache.hadoop.http.HttpServer2: Jetty bound to port 50070
2020-03-10 12:35:16,102 INFO org.mortbay.log: jetty-6.1.26
2020-03-10 12:35:16,743 INFO org.mortbay.log: Started HttpServer2$SelectChannelConnectorWithSafeStartup@0.0.0.0:50070
2020-03-10 12:35:16,950 WARN org.apache.hadoop.hdfs.server.common.Util: Path /home/don/hdfsname should be specified as a URI in configuration files. Please update hdfs configuration.
2020-03-10 12:35:16,951 WARN org.apache.hadoop.hdfs.server.common.Util: Path /home/don/hdfsname should be specified as a URI in configuration files. Please update hdfs configuration.
2020-03-10 12:35:16,951 WARN org.apache.hadoop.hdfs.server.namenode.FSNamesystem: Only one image storage directory (dfs.namenode.name.dir) configured. Beware of data loss due to lack of redundant storage directories!
2020-03-10 12:35:16,951 WARN org.apache.hadoop.hdfs.server.namenode.FSNamesystem: Only one namespace edits storage directory (dfs.namenode.edits.dir) configured. Beware of data loss due to lack of redundant storage directories!
2020-03-10 12:35:16,968 WARN org.apache.hadoop.hdfs.server.common.Util: Path /home/don/hdfsname should be specified as a URI in configuration files. Please update hdfs configuration.
2020-03-10 12:35:16,970 WARN org.apache.hadoop.hdfs.server.common.Util: Path /home/don/hdfsname should be specified as a URI in configuration files. Please update hdfs configuration.
2020-03-10 12:35:17,094 INFO org.apache.hadoop.hdfs.server.namenode.FSNamesystem: No KeyProvider found.
2020-03-10 12:35:17,097 INFO org.apache.hadoop.hdfs.server.namenode.FSNamesystem: fsLock is fair: true
2020-03-10 12:35:17,101 INFO org.apache.hadoop.hdfs.server.namenode.FSNamesystem: Detailed lock hold time metrics enabled: false
2020-03-10 12:35:17,261 INFO org.apache.hadoop.hdfs.server.blockmanagement.DatanodeManager: dfs.block.invalidate.limit=1000
2020-03-10 12:35:17,266 INFO org.apache.hadoop.hdfs.server.blockmanagement.DatanodeManager: dfs.namenode.datanode.registration.ip-hostname-check=true
2020-03-10 12:35:17,269 INFO org.apache.hadoop.hdfs.server.blockmanagement.BlockManager: dfs.namenode.startup.delay.block.deletion.sec is set to 000:00:00:00.000
2020-03-10 12:35:17,269 INFO org.apache.hadoop.hdfs.server.blockmanagement.BlockManager: The block deletion will start around 2020 Mar 10 12:35:17
2020-03-10 12:35:17,273 INFO org.apache.hadoop.util.GSet: Computing capacity for map BlocksMap
2020-03-10 12:35:17,273 INFO org.apache.hadoop.util.GSet: VM type       = 32-bit
2020-03-10 12:35:17,288 INFO org.apache.hadoop.util.GSet: 2.0% max memory 966.7 MB = 19.3 MB
2020-03-10 12:35:17,288 INFO org.apache.hadoop.util.GSet: capacity      = 2^22 = 4194304 entries
2020-03-10 12:35:17,432 INFO org.apache.hadoop.hdfs.server.blockmanagement.BlockManager: dfs.block.access.token.enable=false
2020-03-10 12:35:17,437 INFO org.apache.hadoop.hdfs.server.blockmanagement.BlockManager: defaultReplication         = 2
2020-03-10 12:35:17,437 INFO org.apache.hadoop.hdfs.server.blockmanagement.BlockManager: maxReplication             = 512
2020-03-10 12:35:17,437 INFO org.apache.hadoop.hdfs.server.blockmanagement.BlockManager: minReplication             = 1
2020-03-10 12:35:17,438 INFO org.apache.hadoop.hdfs.server.blockmanagement.BlockManager: maxReplicationStreams      = 2
2020-03-10 12:35:17,438 INFO org.apache.hadoop.hdfs.server.blockmanagement.BlockManager: replicationRecheckInterval = 3000
2020-03-10 12:35:17,438 INFO org.apache.hadoop.hdfs.server.blockmanagement.BlockManager: encryptDataTransfer        = false
2020-03-10 12:35:17,438 INFO org.apache.hadoop.hdfs.server.blockmanagement.BlockManager: maxNumBlocksToLog          = 1000
2020-03-10 12:35:17,463 INFO org.apache.hadoop.hdfs.server.namenode.FSNamesystem: fsOwner             = don (auth:SIMPLE)
2020-03-10 12:35:17,463 INFO org.apache.hadoop.hdfs.server.namenode.FSNamesystem: supergroup          = supergroup
2020-03-10 12:35:17,463 INFO org.apache.hadoop.hdfs.server.namenode.FSNamesystem: isPermissionEnabled = true
2020-03-10 12:35:17,463 INFO org.apache.hadoop.hdfs.server.namenode.FSNamesystem: HA Enabled: false
2020-03-10 12:35:17,471 INFO org.apache.hadoop.hdfs.server.namenode.FSNamesystem: Append Enabled: true
2020-03-10 12:35:17,874 INFO org.apache.hadoop.util.GSet: Computing capacity for map INodeMap
2020-03-10 12:35:17,874 INFO org.apache.hadoop.util.GSet: VM type       = 32-bit
2020-03-10 12:35:17,876 INFO org.apache.hadoop.util.GSet: 1.0% max memory 966.7 MB = 9.7 MB
2020-03-10 12:35:17,876 INFO org.apache.hadoop.util.GSet: capacity      = 2^21 = 2097152 entries
2020-03-10 12:35:17,940 INFO org.apache.hadoop.hdfs.server.namenode.FSDirectory: ACLs enabled? false
2020-03-10 12:35:17,940 INFO org.apache.hadoop.hdfs.server.namenode.FSDirectory: XAttrs enabled? true
2020-03-10 12:35:17,940 INFO org.apache.hadoop.hdfs.server.namenode.FSDirectory: Maximum size of an xattr: 16384
2020-03-10 12:35:17,945 INFO org.apache.hadoop.hdfs.server.namenode.NameNode: Caching file names occuring more than 10 times
2020-03-10 12:35:17,973 INFO org.apache.hadoop.util.GSet: Computing capacity for map cachedBlocks
2020-03-10 12:35:17,973 INFO org.apache.hadoop.util.GSet: VM type       = 32-bit
2020-03-10 12:35:17,974 INFO org.apache.hadoop.util.GSet: 0.25% max memory 966.7 MB = 2.4 MB
2020-03-10 12:35:17,974 INFO org.apache.hadoop.util.GSet: capacity      = 2^19 = 524288 entries
2020-03-10 12:35:17,987 INFO org.apache.hadoop.hdfs.server.namenode.FSNamesystem: dfs.namenode.safemode.threshold-pct = 0.9990000128746033
2020-03-10 12:35:17,987 INFO org.apache.hadoop.hdfs.server.namenode.FSNamesystem: dfs.namenode.safemode.min.datanodes = 0
2020-03-10 12:35:17,987 INFO org.apache.hadoop.hdfs.server.namenode.FSNamesystem: dfs.namenode.safemode.extension     = 30000
2020-03-10 12:35:18,023 INFO org.apache.hadoop.hdfs.server.namenode.top.metrics.TopMetrics: NNTop conf: dfs.namenode.top.window.num.buckets = 10
2020-03-10 12:35:18,023 INFO org.apache.hadoop.hdfs.server.namenode.top.metrics.TopMetrics: NNTop conf: dfs.namenode.top.num.users = 10
2020-03-10 12:35:18,023 INFO org.apache.hadoop.hdfs.server.namenode.top.metrics.TopMetrics: NNTop conf: dfs.namenode.top.windows.minutes = 1,5,25
2020-03-10 12:35:18,037 INFO org.apache.hadoop.hdfs.server.namenode.FSNamesystem: Retry cache on namenode is enabled
2020-03-10 12:35:18,037 INFO org.apache.hadoop.hdfs.server.namenode.FSNamesystem: Retry cache will use 0.03 of total heap and retry cache entry expiry time is 600000 millis
2020-03-10 12:35:18,045 INFO org.apache.hadoop.util.GSet: Computing capacity for map NameNodeRetryCache
2020-03-10 12:35:18,045 INFO org.apache.hadoop.util.GSet: VM type       = 32-bit
2020-03-10 12:35:18,046 INFO org.apache.hadoop.util.GSet: 0.029999999329447746% max memory 966.7 MB = 297.0 KB
2020-03-10 12:35:18,046 INFO org.apache.hadoop.util.GSet: capacity      = 2^16 = 65536 entries
2020-03-10 12:35:18,127 INFO org.apache.hadoop.hdfs.server.common.Storage: Lock on /home/don/hdfsname/in_use.lock acquired by nodename 849@master
2020-03-10 12:35:18,463 INFO org.apache.hadoop.hdfs.server.namenode.FileJournalManager: Recovering unfinalized segments in /home/don/hdfsname/current
2020-03-10 12:35:18,904 INFO org.apache.hadoop.hdfs.server.namenode.FileJournalManager: Finalizing edits file /home/don/hdfsname/current/edits_inprogress_0000000000000000006 -> /home/don/hdfsname/current/edits_0000000000000000006-0000000000000000090
2020-03-10 12:35:18,933 INFO org.apache.hadoop.hdfs.server.namenode.FSImage: Planning to load image: FSImageFile(file=/home/don/hdfsname/current/fsimage_0000000000000000005, cpktTxId=0000000000000000005)
2020-03-10 12:35:19,059 INFO org.apache.hadoop.hdfs.server.namenode.FSImageFormatPBINode: Loading 1 INodes.
2020-03-10 12:35:19,104 INFO org.apache.hadoop.hdfs.server.namenode.FSImageFormatProtobuf: Loaded FSImage in 0 seconds.
2020-03-10 12:35:19,104 INFO org.apache.hadoop.hdfs.server.namenode.FSImage: Loaded image for txid 5 from /home/don/hdfsname/current/fsimage_0000000000000000005
2020-03-10 12:35:19,104 INFO org.apache.hadoop.hdfs.server.namenode.FSImage: Reading org.apache.hadoop.hdfs.server.namenode.RedundantEditLogInputStream@1aaf813 expecting start txid #6
2020-03-10 12:35:19,105 INFO org.apache.hadoop.hdfs.server.namenode.FSImage: Start loading edits file /home/don/hdfsname/current/edits_0000000000000000006-0000000000000000090
2020-03-10 12:35:19,107 INFO org.apache.hadoop.hdfs.server.namenode.EditLogInputStream: Fast-forwarding stream '/home/don/hdfsname/current/edits_0000000000000000006-0000000000000000090' to transaction ID 6
2020-03-10 12:35:19,229 INFO org.apache.hadoop.hdfs.server.namenode.FSImage: Edits file /home/don/hdfsname/current/edits_0000000000000000006-0000000000000000090 of size 1048576 edits # 85 loaded in 0 seconds
2020-03-10 12:35:19,230 INFO org.apache.hadoop.hdfs.server.namenode.FSImage: Initializing quota with 4 thread(s)
2020-03-10 12:35:19,265 INFO org.apache.hadoop.hdfs.server.namenode.FSImage: Quota initialization completed in 35 milliseconds
name space=2
storage space=3575007202
storage types=RAM_DISK=0, SSD=0, DISK=0, ARCHIVE=0
2020-03-10 12:35:19,265 INFO org.apache.hadoop.hdfs.server.namenode.FSNamesystem: Need to save fs image? true (staleImage=true, haEnabled=false, isRollingUpgrade=false)
2020-03-10 12:35:19,265 INFO org.apache.hadoop.hdfs.server.namenode.FSImage: Save namespace ...
2020-03-10 12:35:19,284 INFO org.apache.hadoop.hdfs.server.namenode.FSImageFormatProtobuf: Saving image file /home/don/hdfsname/current/fsimage.ckpt_0000000000000000090 using no compression
2020-03-10 12:35:19,425 INFO org.apache.hadoop.hdfs.server.namenode.FSImageFormatProtobuf: Image file /home/don/hdfsname/current/fsimage.ckpt_0000000000000000090 of size 841 bytes saved in 0 seconds.
2020-03-10 12:35:19,442 INFO org.apache.hadoop.hdfs.server.namenode.NNStorageRetentionManager: Going to retain 2 images with txid >= 5
2020-03-10 12:35:19,443 INFO org.apache.hadoop.hdfs.server.namenode.NNStorageRetentionManager: Purging old image FSImageFile(file=/home/don/hdfsname/current/fsimage_0000000000000000003, cpktTxId=0000000000000000003)
2020-03-10 12:35:19,527 INFO org.apache.hadoop.hdfs.server.namenode.FSEditLog: Starting log segment at 91
2020-03-10 12:35:19,956 INFO org.apache.hadoop.hdfs.server.namenode.NameCache: initialized with 0 entries 0 lookups
2020-03-10 12:35:19,956 INFO org.apache.hadoop.hdfs.server.namenode.FSNamesystem: Finished loading FSImage in 1902 msecs
2020-03-10 12:35:21,454 INFO org.apache.hadoop.hdfs.server.namenode.NameNode: RPC server is binding to master:9000
2020-03-10 12:35:21,486 INFO org.apache.hadoop.ipc.CallQueueManager: Using callQueue: class java.util.concurrent.LinkedBlockingQueue queueCapacity: 1000
2020-03-10 12:35:21,566 INFO org.apache.hadoop.ipc.Server: Starting Socket Reader #1 for port 9000
2020-03-10 12:35:22,010 INFO org.apache.hadoop.hdfs.server.namenode.FSNamesystem: Registered FSNamesystemState MBean
2020-03-10 12:35:22,012 WARN org.apache.hadoop.hdfs.server.common.Util: Path /home/don/hdfsname should be specified as a URI in configuration files. Please update hdfs configuration.
2020-03-10 12:35:22,049 INFO org.apache.hadoop.hdfs.server.namenode.LeaseManager: Number of blocks under construction: 0
2020-03-10 12:35:22,050 INFO org.apache.hadoop.hdfs.server.namenode.LeaseManager: Number of blocks under construction: 0
2020-03-10 12:35:22,053 INFO org.apache.hadoop.hdfs.StateChange: STATE* Safe mode ON. 
The reported blocks 0 needs additional 27 blocks to reach the threshold 0.9990 of total blocks 27.
The number of live datanodes 0 has reached the minimum number 0. Safe mode will be turned off automatically once the thresholds have been reached.
2020-03-10 12:35:22,077 INFO org.apache.hadoop.hdfs.server.blockmanagement.DatanodeDescriptor: Number of failed storage changes from 0 to 0
2020-03-10 12:35:22,280 INFO org.apache.hadoop.ipc.Server: IPC Server Responder: starting
2020-03-10 12:35:22,309 INFO org.apache.hadoop.ipc.Server: IPC Server listener on 9000: starting
2020-03-10 12:35:22,325 INFO org.apache.hadoop.hdfs.server.namenode.NameNode: NameNode RPC up at: master/192.168.2.1:9000
2020-03-10 12:35:22,325 INFO org.apache.hadoop.hdfs.server.namenode.FSNamesystem: Starting services required for active state
2020-03-10 12:35:22,384 INFO org.apache.hadoop.hdfs.server.blockmanagement.CacheReplicationMonitor: Starting CacheReplicationMonitor with interval 30000 milliseconds
2020-03-10 12:35:34,278 INFO org.apache.hadoop.hdfs.StateChange: BLOCK* registerDatanode: from DatanodeRegistration(192.168.2.2:50010, datanodeUuid=2a7b20ac-1b9e-436a-ba9d-4a5b975af8b1, infoPort=50075, infoSecurePort=0, ipcPort=50020, storageInfo=lv=-56;cid=CID-bd281b9b-6ae0-43e9-9006-0514d49218c8;nsid=15383434;c=0) storage 2a7b20ac-1b9e-436a-ba9d-4a5b975af8b1
2020-03-10 12:35:34,279 INFO org.apache.hadoop.hdfs.server.blockmanagement.DatanodeDescriptor: Number of failed storage changes from 0 to 0
2020-03-10 12:35:34,280 INFO org.apache.hadoop.net.NetworkTopology: Adding a new node: /default-rack/192.168.2.2:50010
2020-03-10 12:35:34,863 INFO org.apache.hadoop.hdfs.server.blockmanagement.DatanodeDescriptor: Number of failed storage changes from 0 to 0
2020-03-10 12:35:34,863 INFO org.apache.hadoop.hdfs.server.blockmanagement.DatanodeDescriptor: Adding new storage ID DS-7a13ce0a-401c-4362-90b0-90e82245bcba for DN 192.168.2.2:50010
2020-03-10 12:35:35,099 INFO org.apache.hadoop.hdfs.StateChange: STATE* Safe mode extension entered. 
The reported blocks 26 has reached the threshold 0.9990 of total blocks 27. The number of live datanodes 1 has reached the minimum number 0. In safe mode extension. Safe mode will be turned off automatically in 29 seconds.
2020-03-10 12:35:35,099 INFO org.apache.hadoop.hdfs.server.namenode.FSNamesystem: initializing replication queues
2020-03-10 12:35:35,117 INFO BlockStateChange: BLOCK* processReport 0x2f22709887: from storage DS-7a13ce0a-401c-4362-90b0-90e82245bcba node DatanodeRegistration(192.168.2.2:50010, datanodeUuid=2a7b20ac-1b9e-436a-ba9d-4a5b975af8b1, infoPort=50075, infoSecurePort=0, ipcPort=50020, storageInfo=lv=-56;cid=CID-bd281b9b-6ae0-43e9-9006-0514d49218c8;nsid=15383434;c=0), blocks: 27, hasStaleStorage: false, processing time: 55 msecs
2020-03-10 12:35:35,159 INFO org.apache.hadoop.hdfs.server.blockmanagement.BlockManager: Total number of blocks            = 27
2020-03-10 12:35:35,159 INFO org.apache.hadoop.hdfs.server.blockmanagement.BlockManager: Number of invalid blocks          = 0
2020-03-10 12:35:35,159 INFO org.apache.hadoop.hdfs.server.blockmanagement.BlockManager: Number of under-replicated blocks = 26
2020-03-10 12:35:35,160 INFO org.apache.hadoop.hdfs.server.blockmanagement.BlockManager: Number of  over-replicated blocks = 0
2020-03-10 12:35:35,160 INFO org.apache.hadoop.hdfs.server.blockmanagement.BlockManager: Number of blocks being written    = 0
2020-03-10 12:35:35,160 INFO org.apache.hadoop.hdfs.StateChange: STATE* Replication Queue initialization scan for invalid, over- and under-replicated blocks completed in 53 msec
2020-03-10 12:35:55,131 INFO org.apache.hadoop.hdfs.StateChange: STATE* Safe mode ON, in safe mode extension. 
The reported blocks 27 has reached the threshold 0.9990 of total blocks 27. The number of live datanodes 1 has reached the minimum number 0. In safe mode extension. Safe mode will be turned off automatically in 9 seconds.
2020-03-10 12:36:05,136 INFO org.apache.hadoop.hdfs.StateChange: STATE* Leaving safe mode after 48 secs
2020-03-10 12:36:05,137 INFO org.apache.hadoop.hdfs.StateChange: STATE* Safe mode is OFF
2020-03-10 12:36:05,137 INFO org.apache.hadoop.hdfs.StateChange: STATE* Network topology has 1 racks and 1 datanodes
2020-03-10 12:36:05,137 INFO org.apache.hadoop.hdfs.StateChange: STATE* UnderReplicatedBlocks has 27 blocks
2020-03-10 13:04:21,677 ERROR org.apache.hadoop.hdfs.server.namenode.NameNode: RECEIVED SIGNAL 15: SIGTERM
2020-03-10 13:04:21,691 INFO org.apache.hadoop.hdfs.server.namenode.NameNode: SHUTDOWN_MSG: 
/************************************************************
SHUTDOWN_MSG: Shutting down NameNode at master/192.168.2.1
************************************************************/
2020-03-10 13:20:50,024 INFO org.apache.hadoop.hdfs.server.namenode.NameNode: STARTUP_MSG: 
/************************************************************
STARTUP_MSG: Starting NameNode
STARTUP_MSG:   host = master/192.168.2.1
STARTUP_MSG:   args = []
STARTUP_MSG:   version = 2.7.7
STARTUP_MSG:   classpath = /home/don/hadoop-2.7.7/etc/hadoop:/home/don/hadoop-2.7.7/share/hadoop/common/lib/zookeeper-3.4.6.jar:/home/don/hadoop-2.7.7/share/hadoop/common/lib/jaxb-api-2.2.2.jar:/home/don/hadoop-2.7.7/share/hadoop/common/lib/jersey-server-1.9.jar:/home/don/hadoop-2.7.7/share/hadoop/common/lib/netty-3.6.2.Final.jar:/home/don/hadoop-2.7.7/share/hadoop/common/lib/jetty-sslengine-6.1.26.jar:/home/don/hadoop-2.7.7/share/hadoop/common/lib/asm-3.2.jar:/home/don/hadoop-2.7.7/share/hadoop/common/lib/commons-digester-1.8.jar:/home/don/hadoop-2.7.7/share/hadoop/common/lib/junit-4.11.jar:/home/don/hadoop-2.7.7/share/hadoop/common/lib/guava-11.0.2.jar:/home/don/hadoop-2.7.7/share/hadoop/common/lib/jaxb-impl-2.2.3-1.jar:/home/don/hadoop-2.7.7/share/hadoop/common/lib/jackson-core-asl-1.9.13.jar:/home/don/hadoop-2.7.7/share/hadoop/common/lib/hamcrest-core-1.3.jar:/home/don/hadoop-2.7.7/share/hadoop/common/lib/jsr305-3.0.0.jar:/home/don/hadoop-2.7.7/share/hadoop/common/lib/jackson-xc-1.9.13.jar:/home/don/hadoop-2.7.7/share/hadoop/common/lib/apacheds-i18n-2.0.0-M15.jar:/home/don/hadoop-2.7.7/share/hadoop/common/lib/commons-cli-1.2.jar:/home/don/hadoop-2.7.7/share/hadoop/common/lib/jets3t-0.9.0.jar:/home/don/hadoop-2.7.7/share/hadoop/common/lib/xmlenc-0.52.jar:/home/don/hadoop-2.7.7/share/hadoop/common/lib/slf4j-api-1.7.10.jar:/home/don/hadoop-2.7.7/share/hadoop/common/lib/snappy-java-1.0.4.1.jar:/home/don/hadoop-2.7.7/share/hadoop/common/lib/protobuf-java-2.5.0.jar:/home/don/hadoop-2.7.7/share/hadoop/common/lib/httpclient-4.2.5.jar:/home/don/hadoop-2.7.7/share/hadoop/common/lib/jetty-6.1.26.jar:/home/don/hadoop-2.7.7/share/hadoop/common/lib/curator-framework-2.7.1.jar:/home/don/hadoop-2.7.7/share/hadoop/common/lib/commons-io-2.4.jar:/home/don/hadoop-2.7.7/share/hadoop/common/lib/paranamer-2.3.jar:/home/don/hadoop-2.7.7/share/hadoop/common/lib/commons-compress-1.4.1.jar:/home/don/hadoop-2.7.7/share/hadoop/common/lib/jsp-api-2.1.jar:/home/don/hadoop-2.7.7/share/hadoop/common/lib/htrace-core-3.1.0-incubating.jar:/home/don/hadoop-2.7.7/share/hadoop/common/lib/jackson-mapper-asl-1.9.13.jar:/home/don/hadoop-2.7.7/share/hadoop/common/lib/commons-lang-2.6.jar:/home/don/hadoop-2.7.7/share/hadoop/common/lib/commons-beanutils-1.7.0.jar:/home/don/hadoop-2.7.7/share/hadoop/common/lib/mockito-all-1.8.5.jar:/home/don/hadoop-2.7.7/share/hadoop/common/lib/commons-net-3.1.jar:/home/don/hadoop-2.7.7/share/hadoop/common/lib/jettison-1.1.jar:/home/don/hadoop-2.7.7/share/hadoop/common/lib/curator-recipes-2.7.1.jar:/home/don/hadoop-2.7.7/share/hadoop/common/lib/xz-1.0.jar:/home/don/hadoop-2.7.7/share/hadoop/common/lib/jersey-core-1.9.jar:/home/don/hadoop-2.7.7/share/hadoop/common/lib/servlet-api-2.5.jar:/home/don/hadoop-2.7.7/share/hadoop/common/lib/stax-api-1.0-2.jar:/home/don/hadoop-2.7.7/share/hadoop/common/lib/hadoop-auth-2.7.7.jar:/home/don/hadoop-2.7.7/share/hadoop/common/lib/jsch-0.1.54.jar:/home/don/hadoop-2.7.7/share/hadoop/common/lib/activation-1.1.jar:/home/don/hadoop-2.7.7/share/hadoop/common/lib/apacheds-kerberos-codec-2.0.0-M15.jar:/home/don/hadoop-2.7.7/share/hadoop/common/lib/httpcore-4.2.5.jar:/home/don/hadoop-2.7.7/share/hadoop/common/lib/avro-1.7.4.jar:/home/don/hadoop-2.7.7/share/hadoop/common/lib/java-xmlbuilder-0.4.jar:/home/don/hadoop-2.7.7/share/hadoop/common/lib/gson-2.2.4.jar:/home/don/hadoop-2.7.7/share/hadoop/common/lib/commons-beanutils-core-1.8.0.jar:/home/don/hadoop-2.7.7/share/hadoop/common/lib/commons-collections-3.2.2.jar:/home/don/hadoop-2.7.7/share/hadoop/common/lib/commons-math3-3.1.1.jar:/home/don/hadoop-2.7.7/share/hadoop/common/lib/curator-client-2.7.1.jar:/home/don/hadoop-2.7.7/share/hadoop/common/lib/jetty-util-6.1.26.jar:/home/don/hadoop-2.7.7/share/hadoop/common/lib/api-util-1.0.0-M20.jar:/home/don/hadoop-2.7.7/share/hadoop/common/lib/log4j-1.2.17.jar:/home/don/hadoop-2.7.7/share/hadoop/common/lib/commons-logging-1.1.3.jar:/home/don/hadoop-2.7.7/share/hadoop/common/lib/hadoop-annotations-2.7.7.jar:/home/don/hadoop-2.7.7/share/hadoop/common/lib/commons-codec-1.4.jar:/home/don/hadoop-2.7.7/share/hadoop/common/lib/commons-httpclient-3.1.jar:/home/don/hadoop-2.7.7/share/hadoop/common/lib/api-asn1-api-1.0.0-M20.jar:/home/don/hadoop-2.7.7/share/hadoop/common/lib/jackson-jaxrs-1.9.13.jar:/home/don/hadoop-2.7.7/share/hadoop/common/lib/slf4j-log4j12-1.7.10.jar:/home/don/hadoop-2.7.7/share/hadoop/common/lib/commons-configuration-1.6.jar:/home/don/hadoop-2.7.7/share/hadoop/common/lib/jersey-json-1.9.jar:/home/don/hadoop-2.7.7/share/hadoop/common/hadoop-common-2.7.7.jar:/home/don/hadoop-2.7.7/share/hadoop/common/hadoop-common-2.7.7-tests.jar:/home/don/hadoop-2.7.7/share/hadoop/common/hadoop-nfs-2.7.7.jar:/home/don/hadoop-2.7.7/share/hadoop/hdfs:/home/don/hadoop-2.7.7/share/hadoop/hdfs/lib/jersey-server-1.9.jar:/home/don/hadoop-2.7.7/share/hadoop/hdfs/lib/netty-3.6.2.Final.jar:/home/don/hadoop-2.7.7/share/hadoop/hdfs/lib/asm-3.2.jar:/home/don/hadoop-2.7.7/share/hadoop/hdfs/lib/commons-daemon-1.0.13.jar:/home/don/hadoop-2.7.7/share/hadoop/hdfs/lib/guava-11.0.2.jar:/home/don/hadoop-2.7.7/share/hadoop/hdfs/lib/jackson-core-asl-1.9.13.jar:/home/don/hadoop-2.7.7/share/hadoop/hdfs/lib/jsr305-3.0.0.jar:/home/don/hadoop-2.7.7/share/hadoop/hdfs/lib/commons-cli-1.2.jar:/home/don/hadoop-2.7.7/share/hadoop/hdfs/lib/xmlenc-0.52.jar:/home/don/hadoop-2.7.7/share/hadoop/hdfs/lib/xercesImpl-2.9.1.jar:/home/don/hadoop-2.7.7/share/hadoop/hdfs/lib/netty-all-4.0.23.Final.jar:/home/don/hadoop-2.7.7/share/hadoop/hdfs/lib/protobuf-java-2.5.0.jar:/home/don/hadoop-2.7.7/share/hadoop/hdfs/lib/jetty-6.1.26.jar:/home/don/hadoop-2.7.7/share/hadoop/hdfs/lib/commons-io-2.4.jar:/home/don/hadoop-2.7.7/share/hadoop/hdfs/lib/htrace-core-3.1.0-incubating.jar:/home/don/hadoop-2.7.7/share/hadoop/hdfs/lib/jackson-mapper-asl-1.9.13.jar:/home/don/hadoop-2.7.7/share/hadoop/hdfs/lib/commons-lang-2.6.jar:/home/don/hadoop-2.7.7/share/hadoop/hdfs/lib/leveldbjni-all-1.8.jar:/home/don/hadoop-2.7.7/share/hadoop/hdfs/lib/jersey-core-1.9.jar:/home/don/hadoop-2.7.7/share/hadoop/hdfs/lib/xml-apis-1.3.04.jar:/home/don/hadoop-2.7.7/share/hadoop/hdfs/lib/servlet-api-2.5.jar:/home/don/hadoop-2.7.7/share/hadoop/hdfs/lib/jetty-util-6.1.26.jar:/home/don/hadoop-2.7.7/share/hadoop/hdfs/lib/log4j-1.2.17.jar:/home/don/hadoop-2.7.7/share/hadoop/hdfs/lib/commons-logging-1.1.3.jar:/home/don/hadoop-2.7.7/share/hadoop/hdfs/lib/commons-codec-1.4.jar:/home/don/hadoop-2.7.7/share/hadoop/hdfs/hadoop-hdfs-nfs-2.7.7.jar:/home/don/hadoop-2.7.7/share/hadoop/hdfs/hadoop-hdfs-2.7.7.jar:/home/don/hadoop-2.7.7/share/hadoop/hdfs/hadoop-hdfs-2.7.7-tests.jar:/home/don/hadoop-2.7.7/share/hadoop/yarn/lib/zookeeper-3.4.6.jar:/home/don/hadoop-2.7.7/share/hadoop/yarn/lib/jaxb-api-2.2.2.jar:/home/don/hadoop-2.7.7/share/hadoop/yarn/lib/jersey-server-1.9.jar:/home/don/hadoop-2.7.7/share/hadoop/yarn/lib/javax.inject-1.jar:/home/don/hadoop-2.7.7/share/hadoop/yarn/lib/netty-3.6.2.Final.jar:/home/don/hadoop-2.7.7/share/hadoop/yarn/lib/asm-3.2.jar:/home/don/hadoop-2.7.7/share/hadoop/yarn/lib/guava-11.0.2.jar:/home/don/hadoop-2.7.7/share/hadoop/yarn/lib/jersey-client-1.9.jar:/home/don/hadoop-2.7.7/share/hadoop/yarn/lib/jaxb-impl-2.2.3-1.jar:/home/don/hadoop-2.7.7/share/hadoop/yarn/lib/jackson-core-asl-1.9.13.jar:/home/don/hadoop-2.7.7/share/hadoop/yarn/lib/jsr305-3.0.0.jar:/home/don/hadoop-2.7.7/share/hadoop/yarn/lib/jackson-xc-1.9.13.jar:/home/don/hadoop-2.7.7/share/hadoop/yarn/lib/commons-cli-1.2.jar:/home/don/hadoop-2.7.7/share/hadoop/yarn/lib/protobuf-java-2.5.0.jar:/home/don/hadoop-2.7.7/share/hadoop/yarn/lib/jetty-6.1.26.jar:/home/don/hadoop-2.7.7/share/hadoop/yarn/lib/commons-io-2.4.jar:/home/don/hadoop-2.7.7/share/hadoop/yarn/lib/commons-compress-1.4.1.jar:/home/don/hadoop-2.7.7/share/hadoop/yarn/lib/jackson-mapper-asl-1.9.13.jar:/home/don/hadoop-2.7.7/share/hadoop/yarn/lib/commons-lang-2.6.jar:/home/don/hadoop-2.7.7/share/hadoop/yarn/lib/aopalliance-1.0.jar:/home/don/hadoop-2.7.7/share/hadoop/yarn/lib/jersey-guice-1.9.jar:/home/don/hadoop-2.7.7/share/hadoop/yarn/lib/zookeeper-3.4.6-tests.jar:/home/don/hadoop-2.7.7/share/hadoop/yarn/lib/jettison-1.1.jar:/home/don/hadoop-2.7.7/share/hadoop/yarn/lib/leveldbjni-all-1.8.jar:/home/don/hadoop-2.7.7/share/hadoop/yarn/lib/xz-1.0.jar:/home/don/hadoop-2.7.7/share/hadoop/yarn/lib/jersey-core-1.9.jar:/home/don/hadoop-2.7.7/share/hadoop/yarn/lib/servlet-api-2.5.jar:/home/don/hadoop-2.7.7/share/hadoop/yarn/lib/stax-api-1.0-2.jar:/home/don/hadoop-2.7.7/share/hadoop/yarn/lib/activation-1.1.jar:/home/don/hadoop-2.7.7/share/hadoop/yarn/lib/commons-collections-3.2.2.jar:/home/don/hadoop-2.7.7/share/hadoop/yarn/lib/jetty-util-6.1.26.jar:/home/don/hadoop-2.7.7/share/hadoop/yarn/lib/log4j-1.2.17.jar:/home/don/hadoop-2.7.7/share/hadoop/yarn/lib/commons-logging-1.1.3.jar:/home/don/hadoop-2.7.7/share/hadoop/yarn/lib/guice-3.0.jar:/home/don/hadoop-2.7.7/share/hadoop/yarn/lib/commons-codec-1.4.jar:/home/don/hadoop-2.7.7/share/hadoop/yarn/lib/jackson-jaxrs-1.9.13.jar:/home/don/hadoop-2.7.7/share/hadoop/yarn/lib/jersey-json-1.9.jar:/home/don/hadoop-2.7.7/share/hadoop/yarn/lib/guice-servlet-3.0.jar:/home/don/hadoop-2.7.7/share/hadoop/yarn/hadoop-yarn-applications-unmanaged-am-launcher-2.7.7.jar:/home/don/hadoop-2.7.7/share/hadoop/yarn/hadoop-yarn-server-tests-2.7.7.jar:/home/don/hadoop-2.7.7/share/hadoop/yarn/hadoop-yarn-client-2.7.7.jar:/home/don/hadoop-2.7.7/share/hadoop/yarn/hadoop-yarn-applications-distributedshell-2.7.7.jar:/home/don/hadoop-2.7.7/share/hadoop/yarn/hadoop-yarn-registry-2.7.7.jar:/home/don/hadoop-2.7.7/share/hadoop/yarn/hadoop-yarn-server-web-proxy-2.7.7.jar:/home/don/hadoop-2.7.7/share/hadoop/yarn/hadoop-yarn-server-nodemanager-2.7.7.jar:/home/don/hadoop-2.7.7/share/hadoop/yarn/hadoop-yarn-api-2.7.7.jar:/home/don/hadoop-2.7.7/share/hadoop/yarn/hadoop-yarn-server-common-2.7.7.jar:/home/don/hadoop-2.7.7/share/hadoop/yarn/hadoop-yarn-server-resourcemanager-2.7.7.jar:/home/don/hadoop-2.7.7/share/hadoop/yarn/hadoop-yarn-server-applicationhistoryservice-2.7.7.jar:/home/don/hadoop-2.7.7/share/hadoop/yarn/hadoop-yarn-common-2.7.7.jar:/home/don/hadoop-2.7.7/share/hadoop/yarn/hadoop-yarn-server-sharedcachemanager-2.7.7.jar:/home/don/hadoop-2.7.7/share/hadoop/mapreduce/lib/jersey-server-1.9.jar:/home/don/hadoop-2.7.7/share/hadoop/mapreduce/lib/javax.inject-1.jar:/home/don/hadoop-2.7.7/share/hadoop/mapreduce/lib/netty-3.6.2.Final.jar:/home/don/hadoop-2.7.7/share/hadoop/mapreduce/lib/asm-3.2.jar:/home/don/hadoop-2.7.7/share/hadoop/mapreduce/lib/junit-4.11.jar:/home/don/hadoop-2.7.7/share/hadoop/mapreduce/lib/jackson-core-asl-1.9.13.jar:/home/don/hadoop-2.7.7/share/hadoop/mapreduce/lib/hamcrest-core-1.3.jar:/home/don/hadoop-2.7.7/share/hadoop/mapreduce/lib/snappy-java-1.0.4.1.jar:/home/don/hadoop-2.7.7/share/hadoop/mapreduce/lib/protobuf-java-2.5.0.jar:/home/don/hadoop-2.7.7/share/hadoop/mapreduce/lib/commons-io-2.4.jar:/home/don/hadoop-2.7.7/share/hadoop/mapreduce/lib/paranamer-2.3.jar:/home/don/hadoop-2.7.7/share/hadoop/mapreduce/lib/commons-compress-1.4.1.jar:/home/don/hadoop-2.7.7/share/hadoop/mapreduce/lib/jackson-mapper-asl-1.9.13.jar:/home/don/hadoop-2.7.7/share/hadoop/mapreduce/lib/aopalliance-1.0.jar:/home/don/hadoop-2.7.7/share/hadoop/mapreduce/lib/jersey-guice-1.9.jar:/home/don/hadoop-2.7.7/share/hadoop/mapreduce/lib/leveldbjni-all-1.8.jar:/home/don/hadoop-2.7.7/share/hadoop/mapreduce/lib/xz-1.0.jar:/home/don/hadoop-2.7.7/share/hadoop/mapreduce/lib/jersey-core-1.9.jar:/home/don/hadoop-2.7.7/share/hadoop/mapreduce/lib/avro-1.7.4.jar:/home/don/hadoop-2.7.7/share/hadoop/mapreduce/lib/log4j-1.2.17.jar:/home/don/hadoop-2.7.7/share/hadoop/mapreduce/lib/guice-3.0.jar:/home/don/hadoop-2.7.7/share/hadoop/mapreduce/lib/hadoop-annotations-2.7.7.jar:/home/don/hadoop-2.7.7/share/hadoop/mapreduce/lib/guice-servlet-3.0.jar:/home/don/hadoop-2.7.7/share/hadoop/mapreduce/hadoop-mapreduce-client-shuffle-2.7.7.jar:/home/don/hadoop-2.7.7/share/hadoop/mapreduce/hadoop-mapreduce-client-jobclient-2.7.7.jar:/home/don/hadoop-2.7.7/share/hadoop/mapreduce/hadoop-mapreduce-client-core-2.7.7.jar:/home/don/hadoop-2.7.7/share/hadoop/mapreduce/hadoop-mapreduce-client-app-2.7.7.jar:/home/don/hadoop-2.7.7/share/hadoop/mapreduce/hadoop-mapreduce-client-hs-2.7.7.jar:/home/don/hadoop-2.7.7/share/hadoop/mapreduce/hadoop-mapreduce-client-jobclient-2.7.7-tests.jar:/home/don/hadoop-2.7.7/share/hadoop/mapreduce/hadoop-mapreduce-examples-2.7.7.jar:/home/don/hadoop-2.7.7/share/hadoop/mapreduce/hadoop-mapreduce-client-common-2.7.7.jar:/home/don/hadoop-2.7.7/share/hadoop/mapreduce/hadoop-mapreduce-client-hs-plugins-2.7.7.jar:/contrib/capacity-scheduler/*.jar:/contrib/capacity-scheduler/*.jar:/contrib/capacity-scheduler/*.jar
STARTUP_MSG:   build = Unknown -r c1aad84bd27cd79c3d1a7dd58202a8c3ee1ed3ac; compiled by 'stevel' on 2018-07-18T22:47Z
STARTUP_MSG:   java = 1.8.0_242
************************************************************/
2020-03-10 13:20:50,072 INFO org.apache.hadoop.hdfs.server.namenode.NameNode: registered UNIX signal handlers for [TERM, HUP, INT]
2020-03-10 13:20:50,092 INFO org.apache.hadoop.hdfs.server.namenode.NameNode: createNameNode []
2020-03-10 13:20:51,210 INFO org.apache.hadoop.metrics2.impl.MetricsConfig: loaded properties from hadoop-metrics2.properties
2020-03-10 13:20:51,703 INFO org.apache.hadoop.metrics2.impl.MetricsSystemImpl: Scheduled snapshot period at 10 second(s).
2020-03-10 13:20:51,703 INFO org.apache.hadoop.metrics2.impl.MetricsSystemImpl: NameNode metrics system started
2020-03-10 13:20:51,709 INFO org.apache.hadoop.hdfs.server.namenode.NameNode: fs.defaultFS is hdfs://master:9000
2020-03-10 13:20:51,714 INFO org.apache.hadoop.hdfs.server.namenode.NameNode: Clients are to use master:9000 to access this namenode/service.
2020-03-10 13:20:51,946 WARN org.apache.hadoop.util.NativeCodeLoader: Unable to load native-hadoop library for your platform... using builtin-java classes where applicable
2020-03-10 13:20:57,470 INFO org.apache.hadoop.hdfs.DFSUtil: Starting Web-server for hdfs at: http://0.0.0.0:50070
2020-03-10 13:20:57,919 INFO org.mortbay.log: Logging to org.slf4j.impl.Log4jLoggerAdapter(org.mortbay.log) via org.mortbay.log.Slf4jLog
2020-03-10 13:20:57,986 INFO org.apache.hadoop.security.authentication.server.AuthenticationFilter: Unable to initialize FileSignerSecretProvider, falling back to use random secrets.
2020-03-10 13:20:58,170 INFO org.apache.hadoop.http.HttpRequestLog: Http request log for http.requests.namenode is not defined
2020-03-10 13:20:58,202 INFO org.apache.hadoop.http.HttpServer2: Added global filter 'safety' (class=org.apache.hadoop.http.HttpServer2$QuotingInputFilter)
2020-03-10 13:20:58,234 INFO org.apache.hadoop.http.HttpServer2: Added filter static_user_filter (class=org.apache.hadoop.http.lib.StaticUserWebFilter$StaticUserFilter) to context hdfs
2020-03-10 13:20:58,234 INFO org.apache.hadoop.http.HttpServer2: Added filter static_user_filter (class=org.apache.hadoop.http.lib.StaticUserWebFilter$StaticUserFilter) to context logs
2020-03-10 13:20:58,235 INFO org.apache.hadoop.http.HttpServer2: Added filter static_user_filter (class=org.apache.hadoop.http.lib.StaticUserWebFilter$StaticUserFilter) to context static
2020-03-10 13:20:59,293 INFO org.apache.hadoop.http.HttpServer2: Added filter 'org.apache.hadoop.hdfs.web.AuthFilter' (class=org.apache.hadoop.hdfs.web.AuthFilter)
2020-03-10 13:20:59,304 INFO org.apache.hadoop.http.HttpServer2: addJerseyResourcePackage: packageName=org.apache.hadoop.hdfs.server.namenode.web.resources;org.apache.hadoop.hdfs.web.resources, pathSpec=/webhdfs/v1/*
2020-03-10 13:20:59,602 INFO org.apache.hadoop.http.HttpServer2: Jetty bound to port 50070
2020-03-10 13:20:59,602 INFO org.mortbay.log: jetty-6.1.26
2020-03-10 13:21:01,304 INFO org.mortbay.log: Started HttpServer2$SelectChannelConnectorWithSafeStartup@0.0.0.0:50070
2020-03-10 13:21:01,546 WARN org.apache.hadoop.hdfs.server.common.Util: Path /home/don/hdfsname should be specified as a URI in configuration files. Please update hdfs configuration.
2020-03-10 13:21:01,548 WARN org.apache.hadoop.hdfs.server.common.Util: Path /home/don/hdfsname should be specified as a URI in configuration files. Please update hdfs configuration.
2020-03-10 13:21:01,548 WARN org.apache.hadoop.hdfs.server.namenode.FSNamesystem: Only one image storage directory (dfs.namenode.name.dir) configured. Beware of data loss due to lack of redundant storage directories!
2020-03-10 13:21:01,548 WARN org.apache.hadoop.hdfs.server.namenode.FSNamesystem: Only one namespace edits storage directory (dfs.namenode.edits.dir) configured. Beware of data loss due to lack of redundant storage directories!
2020-03-10 13:21:01,595 WARN org.apache.hadoop.hdfs.server.common.Util: Path /home/don/hdfsname should be specified as a URI in configuration files. Please update hdfs configuration.
2020-03-10 13:21:01,596 WARN org.apache.hadoop.hdfs.server.common.Util: Path /home/don/hdfsname should be specified as a URI in configuration files. Please update hdfs configuration.
2020-03-10 13:21:01,769 INFO org.apache.hadoop.hdfs.server.namenode.FSNamesystem: No KeyProvider found.
2020-03-10 13:21:01,785 INFO org.apache.hadoop.hdfs.server.namenode.FSNamesystem: fsLock is fair: true
2020-03-10 13:21:01,793 INFO org.apache.hadoop.hdfs.server.namenode.FSNamesystem: Detailed lock hold time metrics enabled: false
2020-03-10 13:21:02,070 INFO org.apache.hadoop.hdfs.server.blockmanagement.DatanodeManager: dfs.block.invalidate.limit=1000
2020-03-10 13:21:02,076 INFO org.apache.hadoop.hdfs.server.blockmanagement.DatanodeManager: dfs.namenode.datanode.registration.ip-hostname-check=true
2020-03-10 13:21:02,086 INFO org.apache.hadoop.hdfs.server.blockmanagement.BlockManager: dfs.namenode.startup.delay.block.deletion.sec is set to 000:00:00:00.000
2020-03-10 13:21:02,087 INFO org.apache.hadoop.hdfs.server.blockmanagement.BlockManager: The block deletion will start around 2020 Mar 10 13:21:02
2020-03-10 13:21:02,103 INFO org.apache.hadoop.util.GSet: Computing capacity for map BlocksMap
2020-03-10 13:21:02,103 INFO org.apache.hadoop.util.GSet: VM type       = 32-bit
2020-03-10 13:21:02,137 INFO org.apache.hadoop.util.GSet: 2.0% max memory 966.7 MB = 19.3 MB
2020-03-10 13:21:02,137 INFO org.apache.hadoop.util.GSet: capacity      = 2^22 = 4194304 entries
2020-03-10 13:21:02,506 INFO org.apache.hadoop.hdfs.server.blockmanagement.BlockManager: dfs.block.access.token.enable=false
2020-03-10 13:21:02,507 INFO org.apache.hadoop.hdfs.server.blockmanagement.BlockManager: defaultReplication         = 2
2020-03-10 13:21:02,507 INFO org.apache.hadoop.hdfs.server.blockmanagement.BlockManager: maxReplication             = 512
2020-03-10 13:21:02,507 INFO org.apache.hadoop.hdfs.server.blockmanagement.BlockManager: minReplication             = 1
2020-03-10 13:21:02,507 INFO org.apache.hadoop.hdfs.server.blockmanagement.BlockManager: maxReplicationStreams      = 2
2020-03-10 13:21:02,516 INFO org.apache.hadoop.hdfs.server.blockmanagement.BlockManager: replicationRecheckInterval = 3000
2020-03-10 13:21:02,517 INFO org.apache.hadoop.hdfs.server.blockmanagement.BlockManager: encryptDataTransfer        = false
2020-03-10 13:21:02,517 INFO org.apache.hadoop.hdfs.server.blockmanagement.BlockManager: maxNumBlocksToLog          = 1000
2020-03-10 13:21:02,584 INFO org.apache.hadoop.hdfs.server.namenode.FSNamesystem: fsOwner             = don (auth:SIMPLE)
2020-03-10 13:21:02,584 INFO org.apache.hadoop.hdfs.server.namenode.FSNamesystem: supergroup          = supergroup
2020-03-10 13:21:02,584 INFO org.apache.hadoop.hdfs.server.namenode.FSNamesystem: isPermissionEnabled = true
2020-03-10 13:21:02,584 INFO org.apache.hadoop.hdfs.server.namenode.FSNamesystem: HA Enabled: false
2020-03-10 13:21:02,601 INFO org.apache.hadoop.hdfs.server.namenode.FSNamesystem: Append Enabled: true
2020-03-10 13:21:03,351 INFO org.apache.hadoop.util.GSet: Computing capacity for map INodeMap
2020-03-10 13:21:03,351 INFO org.apache.hadoop.util.GSet: VM type       = 32-bit
2020-03-10 13:21:03,352 INFO org.apache.hadoop.util.GSet: 1.0% max memory 966.7 MB = 9.7 MB
2020-03-10 13:21:03,352 INFO org.apache.hadoop.util.GSet: capacity      = 2^21 = 2097152 entries
2020-03-10 13:21:03,468 INFO org.apache.hadoop.hdfs.server.namenode.FSDirectory: ACLs enabled? false
2020-03-10 13:21:03,468 INFO org.apache.hadoop.hdfs.server.namenode.FSDirectory: XAttrs enabled? true
2020-03-10 13:21:03,468 INFO org.apache.hadoop.hdfs.server.namenode.FSDirectory: Maximum size of an xattr: 16384
2020-03-10 13:21:03,480 INFO org.apache.hadoop.hdfs.server.namenode.NameNode: Caching file names occuring more than 10 times
2020-03-10 13:21:03,531 INFO org.apache.hadoop.util.GSet: Computing capacity for map cachedBlocks
2020-03-10 13:21:03,531 INFO org.apache.hadoop.util.GSet: VM type       = 32-bit
2020-03-10 13:21:03,531 INFO org.apache.hadoop.util.GSet: 0.25% max memory 966.7 MB = 2.4 MB
2020-03-10 13:21:03,532 INFO org.apache.hadoop.util.GSet: capacity      = 2^19 = 524288 entries
2020-03-10 13:21:03,563 INFO org.apache.hadoop.hdfs.server.namenode.FSNamesystem: dfs.namenode.safemode.threshold-pct = 0.9990000128746033
2020-03-10 13:21:03,563 INFO org.apache.hadoop.hdfs.server.namenode.FSNamesystem: dfs.namenode.safemode.min.datanodes = 0
2020-03-10 13:21:03,563 INFO org.apache.hadoop.hdfs.server.namenode.FSNamesystem: dfs.namenode.safemode.extension     = 30000
2020-03-10 13:21:03,631 INFO org.apache.hadoop.hdfs.server.namenode.top.metrics.TopMetrics: NNTop conf: dfs.namenode.top.window.num.buckets = 10
2020-03-10 13:21:03,631 INFO org.apache.hadoop.hdfs.server.namenode.top.metrics.TopMetrics: NNTop conf: dfs.namenode.top.num.users = 10
2020-03-10 13:21:03,631 INFO org.apache.hadoop.hdfs.server.namenode.top.metrics.TopMetrics: NNTop conf: dfs.namenode.top.windows.minutes = 1,5,25
2020-03-10 13:21:03,661 INFO org.apache.hadoop.hdfs.server.namenode.FSNamesystem: Retry cache on namenode is enabled
2020-03-10 13:21:03,661 INFO org.apache.hadoop.hdfs.server.namenode.FSNamesystem: Retry cache will use 0.03 of total heap and retry cache entry expiry time is 600000 millis
2020-03-10 13:21:03,670 INFO org.apache.hadoop.util.GSet: Computing capacity for map NameNodeRetryCache
2020-03-10 13:21:03,670 INFO org.apache.hadoop.util.GSet: VM type       = 32-bit
2020-03-10 13:21:03,670 INFO org.apache.hadoop.util.GSet: 0.029999999329447746% max memory 966.7 MB = 297.0 KB
2020-03-10 13:21:03,670 INFO org.apache.hadoop.util.GSet: capacity      = 2^16 = 65536 entries
2020-03-10 13:21:03,756 INFO org.apache.hadoop.hdfs.server.common.Storage: Lock on /home/don/hdfsname/in_use.lock acquired by nodename 1108@master
2020-03-10 13:21:04,420 INFO org.apache.hadoop.hdfs.server.namenode.FileJournalManager: Recovering unfinalized segments in /home/don/hdfsname/current
2020-03-10 13:21:04,892 INFO org.apache.hadoop.hdfs.server.namenode.FileJournalManager: Finalizing edits file /home/don/hdfsname/current/edits_inprogress_0000000000000000091 -> /home/don/hdfsname/current/edits_0000000000000000091-0000000000000000091
2020-03-10 13:21:04,943 INFO org.apache.hadoop.hdfs.server.namenode.FSImage: Planning to load image: FSImageFile(file=/home/don/hdfsname/current/fsimage_0000000000000000090, cpktTxId=0000000000000000090)
2020-03-10 13:21:05,234 INFO org.apache.hadoop.hdfs.server.namenode.FSImageFormatPBINode: Loading 2 INodes.
2020-03-10 13:21:05,541 INFO org.apache.hadoop.hdfs.server.namenode.FSImageFormatProtobuf: Loaded FSImage in 0 seconds.
2020-03-10 13:21:05,541 INFO org.apache.hadoop.hdfs.server.namenode.FSImage: Loaded image for txid 90 from /home/don/hdfsname/current/fsimage_0000000000000000090
2020-03-10 13:21:05,542 INFO org.apache.hadoop.hdfs.server.namenode.FSImage: Reading org.apache.hadoop.hdfs.server.namenode.RedundantEditLogInputStream@ec2cc4 expecting start txid #91
2020-03-10 13:21:05,542 INFO org.apache.hadoop.hdfs.server.namenode.FSImage: Start loading edits file /home/don/hdfsname/current/edits_0000000000000000091-0000000000000000091
2020-03-10 13:21:05,546 INFO org.apache.hadoop.hdfs.server.namenode.EditLogInputStream: Fast-forwarding stream '/home/don/hdfsname/current/edits_0000000000000000091-0000000000000000091' to transaction ID 91
2020-03-10 13:21:05,559 INFO org.apache.hadoop.hdfs.server.namenode.FSImage: Edits file /home/don/hdfsname/current/edits_0000000000000000091-0000000000000000091 of size 1048576 edits # 1 loaded in 0 seconds
2020-03-10 13:21:05,560 INFO org.apache.hadoop.hdfs.server.namenode.FSImage: Initializing quota with 4 thread(s)
2020-03-10 13:21:05,594 INFO org.apache.hadoop.hdfs.server.namenode.FSImage: Quota initialization completed in 34 milliseconds
name space=2
storage space=3575007202
storage types=RAM_DISK=0, SSD=0, DISK=0, ARCHIVE=0
2020-03-10 13:21:05,595 INFO org.apache.hadoop.hdfs.server.namenode.FSNamesystem: Need to save fs image? false (staleImage=false, haEnabled=false, isRollingUpgrade=false)
2020-03-10 13:21:05,607 INFO org.apache.hadoop.hdfs.server.namenode.FSEditLog: Starting log segment at 92
2020-03-10 13:21:06,089 INFO org.apache.hadoop.hdfs.server.namenode.NameCache: initialized with 0 entries 0 lookups
2020-03-10 13:21:06,089 INFO org.apache.hadoop.hdfs.server.namenode.FSNamesystem: Finished loading FSImage in 2406 msecs
2020-03-10 13:21:06,960 INFO org.apache.hadoop.hdfs.server.namenode.NameNode: RPC server is binding to master:9000
2020-03-10 13:21:06,976 INFO org.apache.hadoop.ipc.CallQueueManager: Using callQueue: class java.util.concurrent.LinkedBlockingQueue queueCapacity: 1000
2020-03-10 13:21:07,015 INFO org.apache.hadoop.ipc.Server: Starting Socket Reader #1 for port 9000
2020-03-10 13:21:07,296 INFO org.apache.hadoop.hdfs.server.namenode.FSNamesystem: Registered FSNamesystemState MBean
2020-03-10 13:21:07,301 WARN org.apache.hadoop.hdfs.server.common.Util: Path /home/don/hdfsname should be specified as a URI in configuration files. Please update hdfs configuration.
2020-03-10 13:21:07,327 INFO org.apache.hadoop.hdfs.server.namenode.LeaseManager: Number of blocks under construction: 0
2020-03-10 13:21:07,328 INFO org.apache.hadoop.hdfs.server.namenode.LeaseManager: Number of blocks under construction: 0
2020-03-10 13:21:07,330 INFO org.apache.hadoop.hdfs.StateChange: STATE* Safe mode ON. 
The reported blocks 0 needs additional 27 blocks to reach the threshold 0.9990 of total blocks 27.
The number of live datanodes 0 has reached the minimum number 0. Safe mode will be turned off automatically once the thresholds have been reached.
2020-03-10 13:21:07,342 INFO org.apache.hadoop.hdfs.server.blockmanagement.DatanodeDescriptor: Number of failed storage changes from 0 to 0
2020-03-10 13:21:07,481 INFO org.apache.hadoop.hdfs.server.namenode.NameNode: NameNode RPC up at: master/192.168.2.1:9000
2020-03-10 13:21:07,481 INFO org.apache.hadoop.hdfs.server.namenode.FSNamesystem: Starting services required for active state
2020-03-10 13:21:07,474 INFO org.apache.hadoop.ipc.Server: IPC Server Responder: starting
2020-03-10 13:21:07,476 INFO org.apache.hadoop.ipc.Server: IPC Server listener on 9000: starting
2020-03-10 13:21:07,518 INFO org.apache.hadoop.hdfs.server.blockmanagement.CacheReplicationMonitor: Starting CacheReplicationMonitor with interval 30000 milliseconds
2020-03-10 13:21:20,154 INFO org.apache.hadoop.hdfs.StateChange: BLOCK* registerDatanode: from DatanodeRegistration(192.168.2.2:50010, datanodeUuid=2a7b20ac-1b9e-436a-ba9d-4a5b975af8b1, infoPort=50075, infoSecurePort=0, ipcPort=50020, storageInfo=lv=-56;cid=CID-bd281b9b-6ae0-43e9-9006-0514d49218c8;nsid=15383434;c=0) storage 2a7b20ac-1b9e-436a-ba9d-4a5b975af8b1
2020-03-10 13:21:20,154 INFO org.apache.hadoop.hdfs.server.blockmanagement.DatanodeDescriptor: Number of failed storage changes from 0 to 0
2020-03-10 13:21:20,158 INFO org.apache.hadoop.net.NetworkTopology: Adding a new node: /default-rack/192.168.2.2:50010
2020-03-10 13:21:20,765 INFO org.apache.hadoop.hdfs.server.blockmanagement.DatanodeDescriptor: Number of failed storage changes from 0 to 0
2020-03-10 13:21:20,770 INFO org.apache.hadoop.hdfs.server.blockmanagement.DatanodeDescriptor: Adding new storage ID DS-7a13ce0a-401c-4362-90b0-90e82245bcba for DN 192.168.2.2:50010
2020-03-10 13:21:21,104 INFO org.apache.hadoop.hdfs.StateChange: STATE* Safe mode extension entered. 
The reported blocks 26 has reached the threshold 0.9990 of total blocks 27. The number of live datanodes 1 has reached the minimum number 0. In safe mode extension. Safe mode will be turned off automatically in 29 seconds.
2020-03-10 13:21:21,105 INFO org.apache.hadoop.hdfs.server.namenode.FSNamesystem: initializing replication queues
2020-03-10 13:21:21,120 INFO BlockStateChange: BLOCK* processReport 0xe34f993d60: from storage DS-7a13ce0a-401c-4362-90b0-90e82245bcba node DatanodeRegistration(192.168.2.2:50010, datanodeUuid=2a7b20ac-1b9e-436a-ba9d-4a5b975af8b1, infoPort=50075, infoSecurePort=0, ipcPort=50020, storageInfo=lv=-56;cid=CID-bd281b9b-6ae0-43e9-9006-0514d49218c8;nsid=15383434;c=0), blocks: 27, hasStaleStorage: false, processing time: 60 msecs
2020-03-10 13:21:21,148 INFO org.apache.hadoop.hdfs.server.blockmanagement.BlockManager: Total number of blocks            = 27
2020-03-10 13:21:21,148 INFO org.apache.hadoop.hdfs.server.blockmanagement.BlockManager: Number of invalid blocks          = 0
2020-03-10 13:21:21,159 INFO org.apache.hadoop.hdfs.server.blockmanagement.BlockManager: Number of under-replicated blocks = 26
2020-03-10 13:21:21,159 INFO org.apache.hadoop.hdfs.server.blockmanagement.BlockManager: Number of  over-replicated blocks = 0
2020-03-10 13:21:21,159 INFO org.apache.hadoop.hdfs.server.blockmanagement.BlockManager: Number of blocks being written    = 0
2020-03-10 13:21:21,160 INFO org.apache.hadoop.hdfs.StateChange: STATE* Replication Queue initialization scan for invalid, over- and under-replicated blocks completed in 40 msec
2020-03-10 13:21:41,141 INFO org.apache.hadoop.hdfs.StateChange: STATE* Safe mode ON, in safe mode extension. 
The reported blocks 27 has reached the threshold 0.9990 of total blocks 27. The number of live datanodes 1 has reached the minimum number 0. In safe mode extension. Safe mode will be turned off automatically in 9 seconds.
2020-03-10 13:21:51,147 INFO org.apache.hadoop.hdfs.StateChange: STATE* Leaving safe mode after 49 secs
2020-03-10 13:21:51,147 INFO org.apache.hadoop.hdfs.StateChange: STATE* Safe mode is OFF
2020-03-10 13:21:51,147 INFO org.apache.hadoop.hdfs.StateChange: STATE* Network topology has 1 racks and 1 datanodes
2020-03-10 13:21:51,147 INFO org.apache.hadoop.hdfs.StateChange: STATE* UnderReplicatedBlocks has 27 blocks
2020-03-10 14:05:20,995 INFO org.apache.hadoop.hdfs.server.namenode.FSNamesystem: Roll Edit Log from 192.168.2.1
2020-03-10 14:05:20,995 INFO org.apache.hadoop.hdfs.server.namenode.FSEditLog: Rolling edit logs
2020-03-10 14:05:20,999 INFO org.apache.hadoop.hdfs.server.namenode.FSEditLog: Ending log segment 92
2020-03-10 14:05:21,002 INFO org.apache.hadoop.hdfs.server.namenode.FSEditLog: Number of transactions: 3 Total time for transactions(ms): 35 Number of transactions batched in Syncs: 0 Number of syncs: 2 SyncTimes(ms): 29 
2020-03-10 14:05:21,054 INFO org.apache.hadoop.hdfs.server.namenode.FSEditLog: Number of transactions: 3 Total time for transactions(ms): 35 Number of transactions batched in Syncs: 0 Number of syncs: 3 SyncTimes(ms): 80 
2020-03-10 14:05:21,056 INFO org.apache.hadoop.hdfs.server.namenode.FileJournalManager: Finalizing edits file /home/don/hdfsname/current/edits_inprogress_0000000000000000092 -> /home/don/hdfsname/current/edits_0000000000000000092-0000000000000000094
2020-03-10 14:05:21,056 INFO org.apache.hadoop.hdfs.server.namenode.FSEditLog: Starting log segment at 95
2020-03-10 14:05:24,443 INFO org.apache.hadoop.hdfs.server.namenode.TransferFsImage: Transfer took 0.01s at 0.00 KB/s
2020-03-10 14:05:24,444 INFO org.apache.hadoop.hdfs.server.namenode.TransferFsImage: Downloaded file fsimage.ckpt_0000000000000000094 size 841 bytes.
2020-03-10 14:05:24,459 INFO org.apache.hadoop.hdfs.server.namenode.NNStorageRetentionManager: Going to retain 2 images with txid >= 90
2020-03-10 14:05:24,459 INFO org.apache.hadoop.hdfs.server.namenode.NNStorageRetentionManager: Purging old image FSImageFile(file=/home/don/hdfsname/current/fsimage_0000000000000000005, cpktTxId=0000000000000000005)
2020-03-10 14:08:14,749 INFO BlockStateChange: BLOCK* processReport 0x37271ee5c5a: from storage DS-7a13ce0a-401c-4362-90b0-90e82245bcba node DatanodeRegistration(192.168.2.2:50010, datanodeUuid=2a7b20ac-1b9e-436a-ba9d-4a5b975af8b1, infoPort=50075, infoSecurePort=0, ipcPort=50020, storageInfo=lv=-56;cid=CID-bd281b9b-6ae0-43e9-9006-0514d49218c8;nsid=15383434;c=0), blocks: 27, hasStaleStorage: false, processing time: 2 msecs
2020-03-10 14:18:45,692 INFO org.apache.hadoop.hdfs.server.namenode.FSEditLog: Number of transactions: 4 Total time for transactions(ms): 12 Number of transactions batched in Syncs: 0 Number of syncs: 2 SyncTimes(ms): 28 
2020-03-10 14:18:46,506 INFO org.apache.hadoop.hdfs.StateChange: BLOCK* allocate blk_1073741852_1028{UCState=UNDER_CONSTRUCTION, truncateBlock=null, primaryNodeIndex=-1, replicas=[ReplicaUC[[DISK]DS-7a13ce0a-401c-4362-90b0-90e82245bcba:NORMAL:192.168.2.2:50010|RBW]]} for /centroidssss/_temporary/0/_temporary/attempt_20200310141845_0033_m_000000_0/part-00000
2020-03-10 14:18:47,252 INFO org.apache.hadoop.hdfs.server.namenode.FSNamesystem: BLOCK* blk_1073741852_1028{UCState=COMMITTED, truncateBlock=null, primaryNodeIndex=-1, replicas=[ReplicaUC[[DISK]DS-7a13ce0a-401c-4362-90b0-90e82245bcba:NORMAL:192.168.2.2:50010|RBW]]} is not COMPLETE (ucState = COMMITTED, replication# = 0 <  minimum = 1) in file /centroidssss/_temporary/0/_temporary/attempt_20200310141845_0033_m_000000_0/part-00000
2020-03-10 14:18:47,353 INFO BlockStateChange: BLOCK* addStoredBlock: blockMap updated: 192.168.2.2:50010 is added to blk_1073741852_1028{UCState=COMMITTED, truncateBlock=null, primaryNodeIndex=-1, replicas=[ReplicaUC[[DISK]DS-7a13ce0a-401c-4362-90b0-90e82245bcba:NORMAL:192.168.2.2:50010|RBW]]} size 206
2020-03-10 14:18:47,688 INFO org.apache.hadoop.hdfs.StateChange: DIR* completeFile: /centroidssss/_temporary/0/_temporary/attempt_20200310141845_0033_m_000000_0/part-00000 is closed by DFSClient_NONMAPREDUCE_-2060547325_27
2020-03-10 14:18:48,002 INFO org.apache.hadoop.hdfs.StateChange: DIR* completeFile: /centroidssss/_SUCCESS is closed by DFSClient_NONMAPREDUCE_-1655035385_16
2020-03-10 14:22:59,988 INFO org.apache.hadoop.hdfs.server.namenode.FSEditLog: Number of transactions: 17 Total time for transactions(ms): 23 Number of transactions batched in Syncs: 2 Number of syncs: 11 SyncTimes(ms): 144 
2020-03-10 14:23:01,113 INFO BlockStateChange: BLOCK* addToInvalidates: blk_1073741852_1028 192.168.2.2:50010 
2020-03-10 14:23:02,076 INFO BlockStateChange: BLOCK* BlockManager: ask 192.168.2.2:50010 to delete [blk_1073741852_1028]
2020-03-10 14:25:39,642 INFO org.apache.hadoop.hdfs.server.namenode.FSEditLog: Number of transactions: 19 Total time for transactions(ms): 23 Number of transactions batched in Syncs: 2 Number of syncs: 13 SyncTimes(ms): 1385 
2020-03-10 15:05:25,162 INFO org.apache.hadoop.hdfs.server.namenode.FSNamesystem: Roll Edit Log from 192.168.2.1
2020-03-10 15:05:25,162 INFO org.apache.hadoop.hdfs.server.namenode.FSEditLog: Rolling edit logs
2020-03-10 15:05:25,162 INFO org.apache.hadoop.hdfs.server.namenode.FSEditLog: Ending log segment 95
2020-03-10 15:05:25,163 INFO org.apache.hadoop.hdfs.server.namenode.FSEditLog: Number of transactions: 21 Total time for transactions(ms): 24 Number of transactions batched in Syncs: 2 Number of syncs: 14 SyncTimes(ms): 1496 
2020-03-10 15:05:25,184 INFO org.apache.hadoop.hdfs.server.namenode.FSEditLog: Number of transactions: 21 Total time for transactions(ms): 24 Number of transactions batched in Syncs: 2 Number of syncs: 15 SyncTimes(ms): 1517 
2020-03-10 15:05:25,185 INFO org.apache.hadoop.hdfs.server.namenode.FileJournalManager: Finalizing edits file /home/don/hdfsname/current/edits_inprogress_0000000000000000095 -> /home/don/hdfsname/current/edits_0000000000000000095-0000000000000000115
2020-03-10 15:05:25,185 INFO org.apache.hadoop.hdfs.server.namenode.FSEditLog: Starting log segment at 116
2020-03-10 15:05:25,463 INFO org.apache.hadoop.hdfs.server.namenode.TransferFsImage: Transfer took 0.01s at 0.00 KB/s
2020-03-10 15:05:25,463 INFO org.apache.hadoop.hdfs.server.namenode.TransferFsImage: Downloaded file fsimage.ckpt_0000000000000000115 size 841 bytes.
2020-03-10 15:05:25,472 INFO org.apache.hadoop.hdfs.server.namenode.NNStorageRetentionManager: Going to retain 2 images with txid >= 94
2020-03-10 15:05:25,472 INFO org.apache.hadoop.hdfs.server.namenode.NNStorageRetentionManager: Purging old image FSImageFile(file=/home/don/hdfsname/current/fsimage_0000000000000000090, cpktTxId=0000000000000000090)
2020-03-10 15:14:26,044 INFO org.apache.hadoop.hdfs.server.namenode.FSEditLog: Number of transactions: 4 Total time for transactions(ms): 0 Number of transactions batched in Syncs: 0 Number of syncs: 2 SyncTimes(ms): 63 
2020-03-10 15:14:26,837 INFO org.apache.hadoop.hdfs.StateChange: BLOCK* allocate blk_1073741853_1029{UCState=UNDER_CONSTRUCTION, truncateBlock=null, primaryNodeIndex=-1, replicas=[ReplicaUC[[DISK]DS-7a13ce0a-401c-4362-90b0-90e82245bcba:NORMAL:192.168.2.2:50010|RBW]]} for /centroids/_temporary/0/_temporary/attempt_20200310151425_0033_m_000000_0/part-00000
2020-03-10 15:14:27,166 INFO BlockStateChange: BLOCK* addStoredBlock: blockMap updated: 192.168.2.2:50010 is added to blk_1073741853_1029{UCState=UNDER_CONSTRUCTION, truncateBlock=null, primaryNodeIndex=-1, replicas=[ReplicaUC[[DISK]DS-7a13ce0a-401c-4362-90b0-90e82245bcba:NORMAL:192.168.2.2:50010|RBW]]} size 0
2020-03-10 15:14:27,178 INFO org.apache.hadoop.hdfs.StateChange: DIR* completeFile: /centroids/_temporary/0/_temporary/attempt_20200310151425_0033_m_000000_0/part-00000 is closed by DFSClient_NONMAPREDUCE_-811241907_27
2020-03-10 15:14:27,432 INFO org.apache.hadoop.hdfs.StateChange: DIR* completeFile: /centroids/_SUCCESS is closed by DFSClient_NONMAPREDUCE_576722479_16
