Spark Command: /usr/lib/jvm/java-8-openjdk-i386/jre/bin/java -cp /home/don/spark-2.4.4-bin-hadoop2.7/conf/:/home/don/spark-2.4.4-bin-hadoop2.7/jars/* -Xmx1g org.apache.spark.deploy.worker.Worker --webui-port 8081 spark://master:7077
========================================
Using Spark's default log4j profile: org/apache/spark/log4j-defaults.properties
20/03/10 13:21:45 INFO Worker: Started daemon with process name: 927@slave
20/03/10 13:21:45 INFO SignalUtils: Registered signal handler for TERM
20/03/10 13:21:45 INFO SignalUtils: Registered signal handler for HUP
20/03/10 13:21:45 INFO SignalUtils: Registered signal handler for INT
20/03/10 13:21:47 WARN NativeCodeLoader: Unable to load native-hadoop library for your platform... using builtin-java classes where applicable
20/03/10 13:21:48 INFO SecurityManager: Changing view acls to: don
20/03/10 13:21:48 INFO SecurityManager: Changing modify acls to: don
20/03/10 13:21:48 INFO SecurityManager: Changing view acls groups to: 
20/03/10 13:21:48 INFO SecurityManager: Changing modify acls groups to: 
20/03/10 13:21:48 INFO SecurityManager: SecurityManager: authentication disabled; ui acls disabled; users  with view permissions: Set(don); groups with view permissions: Set(); users  with modify permissions: Set(don); groups with modify permissions: Set()
20/03/10 13:21:50 INFO Utils: Successfully started service 'sparkWorker' on port 40944.
20/03/10 13:21:51 INFO Worker: Starting Spark worker 192.168.2.2:40944 with 2 cores, 1024.0 MB RAM
20/03/10 13:21:51 INFO Worker: Running Spark version 2.4.4
20/03/10 13:21:51 INFO Worker: Spark home: /home/don/spark-2.4.4-bin-hadoop2.7
20/03/10 13:21:51 INFO Utils: Successfully started service 'WorkerUI' on port 8081.
20/03/10 13:21:51 INFO WorkerWebUI: Bound WorkerWebUI to 0.0.0.0, and started at http://slave:8081
20/03/10 13:21:51 INFO Worker: Connecting to master master:7077...
20/03/10 13:21:52 INFO TransportClientFactory: Successfully created connection to master/192.168.2.1:7077 after 154 ms (0 ms spent in bootstraps)
20/03/10 13:21:53 INFO Worker: Successfully registered with master spark://master:7077
20/03/10 13:22:33 INFO Worker: Asked to launch executor app-20200310132232-0000/0 for MapReduce_k-means
20/03/10 13:22:33 INFO SecurityManager: Changing view acls to: don
20/03/10 13:22:33 INFO SecurityManager: Changing modify acls to: don
20/03/10 13:22:33 INFO SecurityManager: Changing view acls groups to: 
20/03/10 13:22:33 INFO SecurityManager: Changing modify acls groups to: 
20/03/10 13:22:33 INFO SecurityManager: SecurityManager: authentication disabled; ui acls disabled; users  with view permissions: Set(don); groups with view permissions: Set(); users  with modify permissions: Set(don); groups with modify permissions: Set()
20/03/10 13:22:33 INFO Worker: Asked to launch executor app-20200310132232-0000/1 for MapReduce_k-means
20/03/10 13:22:33 INFO SecurityManager: Changing view acls to: don
20/03/10 13:22:33 INFO SecurityManager: Changing modify acls to: don
20/03/10 13:22:33 INFO SecurityManager: Changing view acls groups to: 
20/03/10 13:22:33 INFO SecurityManager: Changing modify acls groups to: 
20/03/10 13:22:33 INFO SecurityManager: SecurityManager: authentication disabled; ui acls disabled; users  with view permissions: Set(don); groups with view permissions: Set(); users  with modify permissions: Set(don); groups with modify permissions: Set()
20/03/10 13:22:33 INFO ExecutorRunner: Launch command: "/usr/lib/jvm/java-8-openjdk-i386/jre/bin/java" "-cp" "/home/don/spark-2.4.4-bin-hadoop2.7/conf/:/home/don/spark-2.4.4-bin-hadoop2.7/jars/*" "-Xmx512M" "-Dspark.driver.port=33342" "org.apache.spark.executor.CoarseGrainedExecutorBackend" "--driver-url" "spark://CoarseGrainedScheduler@master:33342" "--executor-id" "0" "--hostname" "192.168.2.2" "--cores" "1" "--app-id" "app-20200310132232-0000" "--worker-url" "spark://Worker@192.168.2.2:40944"
20/03/10 13:22:33 INFO ExecutorRunner: Launch command: "/usr/lib/jvm/java-8-openjdk-i386/jre/bin/java" "-cp" "/home/don/spark-2.4.4-bin-hadoop2.7/conf/:/home/don/spark-2.4.4-bin-hadoop2.7/jars/*" "-Xmx512M" "-Dspark.driver.port=33342" "org.apache.spark.executor.CoarseGrainedExecutorBackend" "--driver-url" "spark://CoarseGrainedScheduler@master:33342" "--executor-id" "1" "--hostname" "192.168.2.2" "--cores" "1" "--app-id" "app-20200310132232-0000" "--worker-url" "spark://Worker@192.168.2.2:40944"
20/03/10 13:23:06 INFO Worker: Asked to kill executor app-20200310132232-0000/1
20/03/10 13:23:06 INFO ExecutorRunner: Runner thread for executor app-20200310132232-0000/1 interrupted
20/03/10 13:23:06 INFO ExecutorRunner: Killing process!
20/03/10 13:23:06 INFO Worker: Asked to kill executor app-20200310132232-0000/0
20/03/10 13:23:06 INFO ExecutorRunner: Runner thread for executor app-20200310132232-0000/0 interrupted
20/03/10 13:23:06 INFO ExecutorRunner: Killing process!
20/03/10 13:23:07 INFO Worker: Executor app-20200310132232-0000/0 finished with state KILLED exitStatus 0
20/03/10 13:23:07 INFO ExternalShuffleBlockResolver: Clean up non-shuffle files associated with the finished executor 0
20/03/10 13:23:07 INFO ExternalShuffleBlockResolver: Executor is not registered (appId=app-20200310132232-0000, execId=0)
20/03/10 13:23:07 INFO Worker: Executor app-20200310132232-0000/1 finished with state KILLED exitStatus 143
20/03/10 13:23:07 INFO ExternalShuffleBlockResolver: Clean up non-shuffle files associated with the finished executor 1
20/03/10 13:23:07 INFO ExternalShuffleBlockResolver: Executor is not registered (appId=app-20200310132232-0000, execId=1)
20/03/10 13:23:07 INFO ExternalShuffleBlockResolver: Application app-20200310132232-0000 removed, cleanupLocalDirs = true
20/03/10 13:23:07 INFO Worker: Cleaning up local directories for application app-20200310132232-0000
20/03/10 13:29:56 INFO Worker: Asked to launch executor app-20200310132956-0001/0 for MapReduce_k-means
20/03/10 13:29:56 INFO SecurityManager: Changing view acls to: don
20/03/10 13:29:56 INFO SecurityManager: Changing modify acls to: don
20/03/10 13:29:56 INFO SecurityManager: Changing view acls groups to: 
20/03/10 13:29:56 INFO SecurityManager: Changing modify acls groups to: 
20/03/10 13:29:56 INFO SecurityManager: SecurityManager: authentication disabled; ui acls disabled; users  with view permissions: Set(don); groups with view permissions: Set(); users  with modify permissions: Set(don); groups with modify permissions: Set()
20/03/10 13:29:56 INFO Worker: Asked to launch executor app-20200310132956-0001/1 for MapReduce_k-means
20/03/10 13:29:56 INFO SecurityManager: Changing view acls to: don
20/03/10 13:29:56 INFO SecurityManager: Changing modify acls to: don
20/03/10 13:29:56 INFO SecurityManager: Changing view acls groups to: 
20/03/10 13:29:56 INFO SecurityManager: Changing modify acls groups to: 
20/03/10 13:29:56 INFO SecurityManager: SecurityManager: authentication disabled; ui acls disabled; users  with view permissions: Set(don); groups with view permissions: Set(); users  with modify permissions: Set(don); groups with modify permissions: Set()
20/03/10 13:29:57 INFO ExecutorRunner: Launch command: "/usr/lib/jvm/java-8-openjdk-i386/jre/bin/java" "-cp" "/home/don/spark-2.4.4-bin-hadoop2.7/conf/:/home/don/spark-2.4.4-bin-hadoop2.7/jars/*" "-Xmx512M" "-Dspark.driver.port=44333" "org.apache.spark.executor.CoarseGrainedExecutorBackend" "--driver-url" "spark://CoarseGrainedScheduler@master:44333" "--executor-id" "0" "--hostname" "192.168.2.2" "--cores" "1" "--app-id" "app-20200310132956-0001" "--worker-url" "spark://Worker@192.168.2.2:40944"
20/03/10 13:29:57 INFO ExecutorRunner: Launch command: "/usr/lib/jvm/java-8-openjdk-i386/jre/bin/java" "-cp" "/home/don/spark-2.4.4-bin-hadoop2.7/conf/:/home/don/spark-2.4.4-bin-hadoop2.7/jars/*" "-Xmx512M" "-Dspark.driver.port=44333" "org.apache.spark.executor.CoarseGrainedExecutorBackend" "--driver-url" "spark://CoarseGrainedScheduler@master:44333" "--executor-id" "1" "--hostname" "192.168.2.2" "--cores" "1" "--app-id" "app-20200310132956-0001" "--worker-url" "spark://Worker@192.168.2.2:40944"
20/03/10 13:30:23 INFO Worker: Asked to kill executor app-20200310132956-0001/1
20/03/10 13:30:23 INFO ExecutorRunner: Runner thread for executor app-20200310132956-0001/1 interrupted
20/03/10 13:30:23 INFO ExecutorRunner: Killing process!
20/03/10 13:30:23 INFO Worker: Asked to kill executor app-20200310132956-0001/0
20/03/10 13:30:23 INFO ExecutorRunner: Runner thread for executor app-20200310132956-0001/0 interrupted
20/03/10 13:30:23 INFO ExecutorRunner: Killing process!
20/03/10 13:30:23 INFO Worker: Executor app-20200310132956-0001/0 finished with state KILLED exitStatus 143
20/03/10 13:30:23 INFO ExternalShuffleBlockResolver: Clean up non-shuffle files associated with the finished executor 0
20/03/10 13:30:23 INFO ExternalShuffleBlockResolver: Executor is not registered (appId=app-20200310132956-0001, execId=0)
20/03/10 13:30:23 INFO Worker: Executor app-20200310132956-0001/1 finished with state KILLED exitStatus 143
20/03/10 13:30:23 INFO ExternalShuffleBlockResolver: Clean up non-shuffle files associated with the finished executor 1
20/03/10 13:30:23 INFO ExternalShuffleBlockResolver: Executor is not registered (appId=app-20200310132956-0001, execId=1)
20/03/10 13:30:23 INFO Worker: Cleaning up local directories for application app-20200310132956-0001
20/03/10 13:30:23 INFO ExternalShuffleBlockResolver: Application app-20200310132956-0001 removed, cleanupLocalDirs = true
20/03/10 13:32:19 INFO Worker: Asked to launch executor app-20200310133219-0002/0 for MapReduce_k-means
20/03/10 13:32:19 INFO Worker: Asked to launch executor app-20200310133219-0002/1 for MapReduce_k-means
20/03/10 13:32:19 INFO SecurityManager: Changing view acls to: don
20/03/10 13:32:19 INFO SecurityManager: Changing modify acls to: don
20/03/10 13:32:19 INFO SecurityManager: Changing view acls groups to: 
20/03/10 13:32:19 INFO SecurityManager: Changing modify acls groups to: 
20/03/10 13:32:19 INFO SecurityManager: SecurityManager: authentication disabled; ui acls disabled; users  with view permissions: Set(don); groups with view permissions: Set(); users  with modify permissions: Set(don); groups with modify permissions: Set()
20/03/10 13:32:19 INFO SecurityManager: Changing view acls to: don
20/03/10 13:32:19 INFO SecurityManager: Changing modify acls to: don
20/03/10 13:32:19 INFO SecurityManager: Changing view acls groups to: 
20/03/10 13:32:19 INFO SecurityManager: Changing modify acls groups to: 
20/03/10 13:32:19 INFO SecurityManager: SecurityManager: authentication disabled; ui acls disabled; users  with view permissions: Set(don); groups with view permissions: Set(); users  with modify permissions: Set(don); groups with modify permissions: Set()
20/03/10 13:32:19 INFO ExecutorRunner: Launch command: "/usr/lib/jvm/java-8-openjdk-i386/jre/bin/java" "-cp" "/home/don/spark-2.4.4-bin-hadoop2.7/conf/:/home/don/spark-2.4.4-bin-hadoop2.7/jars/*" "-Xmx512M" "-Dspark.driver.port=34075" "org.apache.spark.executor.CoarseGrainedExecutorBackend" "--driver-url" "spark://CoarseGrainedScheduler@master:34075" "--executor-id" "0" "--hostname" "192.168.2.2" "--cores" "1" "--app-id" "app-20200310133219-0002" "--worker-url" "spark://Worker@192.168.2.2:40944"
20/03/10 13:32:19 INFO ExecutorRunner: Launch command: "/usr/lib/jvm/java-8-openjdk-i386/jre/bin/java" "-cp" "/home/don/spark-2.4.4-bin-hadoop2.7/conf/:/home/don/spark-2.4.4-bin-hadoop2.7/jars/*" "-Xmx512M" "-Dspark.driver.port=34075" "org.apache.spark.executor.CoarseGrainedExecutorBackend" "--driver-url" "spark://CoarseGrainedScheduler@master:34075" "--executor-id" "1" "--hostname" "192.168.2.2" "--cores" "1" "--app-id" "app-20200310133219-0002" "--worker-url" "spark://Worker@192.168.2.2:40944"
20/03/10 14:18:48 INFO Worker: Asked to kill executor app-20200310133219-0002/1
20/03/10 14:18:48 INFO ExecutorRunner: Runner thread for executor app-20200310133219-0002/1 interrupted
20/03/10 14:18:48 INFO ExecutorRunner: Killing process!
20/03/10 14:18:48 INFO Worker: Asked to kill executor app-20200310133219-0002/0
20/03/10 14:18:48 INFO ExecutorRunner: Runner thread for executor app-20200310133219-0002/0 interrupted
20/03/10 14:18:48 INFO ExecutorRunner: Killing process!
20/03/10 14:18:48 INFO Worker: Executor app-20200310133219-0002/1 finished with state KILLED exitStatus 143
20/03/10 14:18:48 INFO ExternalShuffleBlockResolver: Clean up non-shuffle files associated with the finished executor 1
20/03/10 14:18:48 INFO ExternalShuffleBlockResolver: Executor is not registered (appId=app-20200310133219-0002, execId=1)
20/03/10 14:18:48 INFO Worker: Executor app-20200310133219-0002/0 finished with state KILLED exitStatus 143
20/03/10 14:18:48 INFO ExternalShuffleBlockResolver: Clean up non-shuffle files associated with the finished executor 0
20/03/10 14:18:48 INFO ExternalShuffleBlockResolver: Executor is not registered (appId=app-20200310133219-0002, execId=0)
20/03/10 14:18:48 INFO ExternalShuffleBlockResolver: Application app-20200310133219-0002 removed, cleanupLocalDirs = true
20/03/10 14:18:48 INFO Worker: Cleaning up local directories for application app-20200310133219-0002
20/03/10 14:26:11 INFO Worker: Asked to launch executor app-20200310142611-0003/0 for MapReduce_k-means
20/03/10 14:26:11 INFO SecurityManager: Changing view acls to: don
20/03/10 14:26:11 INFO SecurityManager: Changing modify acls to: don
20/03/10 14:26:11 INFO SecurityManager: Changing view acls groups to: 
20/03/10 14:26:11 INFO SecurityManager: Changing modify acls groups to: 
20/03/10 14:26:11 INFO SecurityManager: SecurityManager: authentication disabled; ui acls disabled; users  with view permissions: Set(don); groups with view permissions: Set(); users  with modify permissions: Set(don); groups with modify permissions: Set()
20/03/10 14:26:11 INFO Worker: Asked to launch executor app-20200310142611-0003/1 for MapReduce_k-means
20/03/10 14:26:11 INFO SecurityManager: Changing view acls to: don
20/03/10 14:26:11 INFO SecurityManager: Changing modify acls to: don
20/03/10 14:26:11 INFO SecurityManager: Changing view acls groups to: 
20/03/10 14:26:11 INFO SecurityManager: Changing modify acls groups to: 
20/03/10 14:26:11 INFO SecurityManager: SecurityManager: authentication disabled; ui acls disabled; users  with view permissions: Set(don); groups with view permissions: Set(); users  with modify permissions: Set(don); groups with modify permissions: Set()
20/03/10 14:26:11 INFO ExecutorRunner: Launch command: "/usr/lib/jvm/java-8-openjdk-i386/jre/bin/java" "-cp" "/home/don/spark-2.4.4-bin-hadoop2.7/conf/:/home/don/spark-2.4.4-bin-hadoop2.7/jars/*" "-Xmx512M" "-Dspark.driver.port=44364" "org.apache.spark.executor.CoarseGrainedExecutorBackend" "--driver-url" "spark://CoarseGrainedScheduler@master:44364" "--executor-id" "0" "--hostname" "192.168.2.2" "--cores" "1" "--app-id" "app-20200310142611-0003" "--worker-url" "spark://Worker@192.168.2.2:40944"
20/03/10 14:26:11 INFO ExecutorRunner: Launch command: "/usr/lib/jvm/java-8-openjdk-i386/jre/bin/java" "-cp" "/home/don/spark-2.4.4-bin-hadoop2.7/conf/:/home/don/spark-2.4.4-bin-hadoop2.7/jars/*" "-Xmx512M" "-Dspark.driver.port=44364" "org.apache.spark.executor.CoarseGrainedExecutorBackend" "--driver-url" "spark://CoarseGrainedScheduler@master:44364" "--executor-id" "1" "--hostname" "192.168.2.2" "--cores" "1" "--app-id" "app-20200310142611-0003" "--worker-url" "spark://Worker@192.168.2.2:40944"
20/03/10 15:14:27 INFO Worker: Asked to kill executor app-20200310142611-0003/1
20/03/10 15:14:27 INFO ExecutorRunner: Runner thread for executor app-20200310142611-0003/1 interrupted
20/03/10 15:14:27 INFO ExecutorRunner: Killing process!
20/03/10 15:14:27 INFO Worker: Asked to kill executor app-20200310142611-0003/0
20/03/10 15:14:27 INFO ExecutorRunner: Runner thread for executor app-20200310142611-0003/0 interrupted
20/03/10 15:14:27 INFO ExecutorRunner: Killing process!
20/03/10 15:14:27 INFO Worker: Executor app-20200310142611-0003/1 finished with state KILLED exitStatus 143
20/03/10 15:14:27 INFO ExternalShuffleBlockResolver: Clean up non-shuffle files associated with the finished executor 1
20/03/10 15:14:27 INFO ExternalShuffleBlockResolver: Executor is not registered (appId=app-20200310142611-0003, execId=1)
20/03/10 15:14:27 INFO Worker: Executor app-20200310142611-0003/0 finished with state KILLED exitStatus 143
20/03/10 15:14:27 INFO ExternalShuffleBlockResolver: Clean up non-shuffle files associated with the finished executor 0
20/03/10 15:14:27 INFO ExternalShuffleBlockResolver: Executor is not registered (appId=app-20200310142611-0003, execId=0)
20/03/10 15:14:27 INFO ExternalShuffleBlockResolver: Application app-20200310142611-0003 removed, cleanupLocalDirs = true
20/03/10 15:14:27 INFO Worker: Cleaning up local directories for application app-20200310142611-0003
